21:36:50.027 INFO  [           main] c.t.SpringbootTestApplication - Starting SpringbootTestApplication on WIN-1GF9INK28GB with PID 8408 (D:\ideaSpace2\springbootTest\target\classes started by Administrator in D:\ideaSpace2\springbootTest)
21:36:50.041 INFO  [           main] c.t.SpringbootTestApplication - No active profile set, falling back to default profiles: default
21:36:50.178 INFO  [           main] o.s.b.w.s.c.AnnotationConfigServletWebServerApplicationContext - Refreshing org.springframework.boot.web.servlet.context.AnnotationConfigServletWebServerApplicationContext@4b0b0854: startup date [Mon Apr 13 21:36:50 CST 2020]; root of context hierarchy
21:36:53.393 INFO  [           main] o.s.b.w.e.t.TomcatWebServer - Tomcat initialized with port(s): 8090 (http)
21:36:53.432 INFO  [           main] o.a.c.http11.Http11NioProtocol - Initializing ProtocolHandler ["http-nio-8090"]
21:36:53.472 INFO  [           main] o.a.c.core.StandardService - Starting service [Tomcat]
21:36:53.472 INFO  [           main] o.a.c.core.StandardEngine - Starting Servlet Engine: Apache Tomcat/8.5.32
21:36:53.482 INFO  [ost-startStop-1] o.a.c.c.AprLifecycleListener - The APR based Apache Tomcat Native library which allows optimal performance in production environments was not found on the java.library.path: [C:\Program Files\Java\jdk1.8.0_221\bin;C:\Windows\Sun\Java\bin;C:\Windows\system32;C:\Windows;C:\Program Files (x86)\Common Files\NetSarang;C:\Program Files (x86)\Common Files\Oracle\Java\javapath;C:\Windows\system32;C:\Windows;C:\Windows\System32\Wbem;C:\Windows\System32\WindowsPowerShell\v1.0\;C:\Windows\System32\OpenSSH\;C:\Program Files\Java\jdk1.8.0_221\bin;D:\tools\apache-maven-3.3.9\bin;D:\tools\Android_SDK\build-tools\29.0.2;D:\tools\Android_SDK\platform-tools;D:\tools\Android_SDK\emulator;D:\tools\Android_SDK\tools;C:\Program Files\Java\jdk1.8.0_221\jre\bin;D:\gongjuList\gitClient\Git\cmd;F:\apache-ant-1.10.3\bin;C:\ProgramData\chocolatey\bin;D:\tools\Android_SDK\tools\bin;C:\Program Files (x86)\GnuWin32\bin;;D:\tools\Appium_All\worksoftware\nvm\v8.11.3;D:\tools\Appium_All\worksoftware\nvm\v10.16.3;D:\tools\Appium_All\nodejs\;D:\tools\python36\Scripts\;D:\tools\python36\;C:\Users\Administrator\.windows-build-tools\python27;C:\Users\Administrator\.windows-build-tools\python27\Scripts;D:\tools\securityTools\fiddler;D:\gongjuList\vsCode\Microsoft VS Code\bin;D:\gongjuList\allure\allure-2.12.1\bin;D:\gongjuList\JetBrains\IntelliJ IDEA 2019.3.1\bin;D:\tools\Appium_All\worksoftware\nvm;D:\tools\Appium_All\worksoftware\nvm\nodejs;D:\tools\Appium_All\worksoftware\nodejs\npm-global;C:\Users\Administrator\AppData\Roaming\npm;.]
21:36:54.090 INFO  [ost-startStop-1] o.a.jasper.servlet.TldScanner - At least one JAR was scanned for TLDs yet contained no TLDs. Enable debug logging for this logger for a complete list of JARs that were scanned but no TLDs were found in them. Skipping unneeded JARs during scanning can improve startup time and JSP compilation time.
21:36:54.099 INFO  [ost-startStop-1] o.a.c.c.C.[.[.[/springboot] - Initializing Spring embedded WebApplicationContext
21:36:54.100 INFO  [ost-startStop-1] o.s.web.context.ContextLoader - Root WebApplicationContext: initialization completed in 3922 ms
21:36:54.285 INFO  [ost-startStop-1] o.s.b.w.s.ServletRegistrationBean - Servlet dispatcherServlet mapped to [/]
21:36:54.293 INFO  [ost-startStop-1] o.s.b.w.s.FilterRegistrationBean - Mapping filter: 'characterEncodingFilter' to: [/*]
21:36:54.294 INFO  [ost-startStop-1] o.s.b.w.s.FilterRegistrationBean - Mapping filter: 'hiddenHttpMethodFilter' to: [/*]
21:36:54.294 INFO  [ost-startStop-1] o.s.b.w.s.FilterRegistrationBean - Mapping filter: 'httpPutFormContentFilter' to: [/*]
21:36:54.295 INFO  [ost-startStop-1] o.s.b.w.s.FilterRegistrationBean - Mapping filter: 'requestContextFilter' to: [/*]
21:36:55.471 INFO  [           main] o.s.w.s.h.SimpleUrlHandlerMapping - Mapped URL path [/**/favicon.ico] onto handler of type [class org.springframework.web.servlet.resource.ResourceHttpRequestHandler]
21:36:56.674 INFO  [           main] o.s.w.s.m.m.a.RequestMappingHandlerAdapter - Looking for @ControllerAdvice: org.springframework.boot.web.servlet.context.AnnotationConfigServletWebServerApplicationContext@4b0b0854: startup date [Mon Apr 13 21:36:50 CST 2020]; root of context hierarchy
21:36:56.784 INFO  [           main] o.s.w.s.m.m.a.RequestMappingHandlerMapping - Mapped "{[/hello/map]}" onto public java.util.Map<java.lang.String, java.lang.Object> com.testfan.HelloSpringboot.getALL()
21:36:56.785 INFO  [           main] o.s.w.s.m.m.a.RequestMappingHandlerMapping - Mapped "{[/hello/testdb],methods=[GET]}" onto public java.util.List<com.testfan.model.CaseSystem> com.testfan.HelloSpringboot.testdb()
21:36:56.788 INFO  [           main] o.s.w.s.m.m.a.RequestMappingHandlerMapping - Mapped "{[/hello/mvc],methods=[GET]}" onto public java.lang.String com.testfan.HelloSpringboot.HelloWorld(org.springframework.ui.Model)
21:36:56.789 INFO  [           main] o.s.w.s.m.m.a.RequestMappingHandlerMapping - Mapped "{[/hello/upload],methods=[GET]}" onto public java.lang.String com.testfan.HelloSpringboot.showUploadPage()
21:36:56.789 INFO  [           main] o.s.w.s.m.m.a.RequestMappingHandlerMapping - Mapped "{[/hello/testpage],methods=[GET]}" onto public java.lang.Object com.testfan.HelloSpringboot.testpage()
21:36:56.790 INFO  [           main] o.s.w.s.m.m.a.RequestMappingHandlerMapping - Mapped "{[/hello/doUpload],methods=[POST]}" onto public java.lang.String com.testfan.HelloSpringboot.doUploadFile(org.springframework.web.multipart.MultipartFile)
21:36:56.795 INFO  [           main] o.s.w.s.m.m.a.RequestMappingHandlerMapping - Mapped "{[/error]}" onto public org.springframework.http.ResponseEntity<java.util.Map<java.lang.String, java.lang.Object>> org.springframework.boot.autoconfigure.web.servlet.error.BasicErrorController.error(javax.servlet.http.HttpServletRequest)
21:36:56.796 INFO  [           main] o.s.w.s.m.m.a.RequestMappingHandlerMapping - Mapped "{[/error],produces=[text/html]}" onto public org.springframework.web.servlet.ModelAndView org.springframework.boot.autoconfigure.web.servlet.error.BasicErrorController.errorHtml(javax.servlet.http.HttpServletRequest,javax.servlet.http.HttpServletResponse)
21:36:56.859 INFO  [           main] o.s.w.s.h.SimpleUrlHandlerMapping - Mapped URL path [/webjars/**] onto handler of type [class org.springframework.web.servlet.resource.ResourceHttpRequestHandler]
21:36:56.859 INFO  [           main] o.s.w.s.h.SimpleUrlHandlerMapping - Mapped URL path [/**] onto handler of type [class org.springframework.web.servlet.resource.ResourceHttpRequestHandler]
21:36:57.627 INFO  [           main] o.s.j.e.a.AnnotationMBeanExporter - Registering beans for JMX exposure on startup
21:36:57.629 INFO  [           main] o.s.j.e.a.AnnotationMBeanExporter - Bean with name 'dataSource' has been autodetected for JMX exposure
21:36:57.636 INFO  [           main] o.s.j.e.a.AnnotationMBeanExporter - Located MBean 'dataSource': registering with JMX server as MBean [com.zaxxer.hikari:name=dataSource,type=HikariDataSource]
21:36:57.655 INFO  [           main] o.a.c.http11.Http11NioProtocol - Starting ProtocolHandler ["http-nio-8090"]
21:36:57.668 INFO  [           main] o.a.t.util.net.NioSelectorPool - Using a shared selector for servlet write/read
21:36:57.728 INFO  [           main] o.s.b.w.e.t.TomcatWebServer - Tomcat started on port(s): 8090 (http) with context path '/springboot'
21:36:57.733 INFO  [           main] c.t.SpringbootTestApplication - Started SpringbootTestApplication in 8.834 seconds (JVM running for 12.612)
21:37:08.715 INFO  [nio-8090-exec-1] o.a.c.c.C.[.[.[/springboot] - Initializing Spring FrameworkServlet 'dispatcherServlet'
21:37:08.716 INFO  [nio-8090-exec-1] o.s.w.s.DispatcherServlet - FrameworkServlet 'dispatcherServlet': initialization started
21:37:08.748 INFO  [nio-8090-exec-1] o.s.w.s.DispatcherServlet - FrameworkServlet 'dispatcherServlet': initialization completed in 32 ms
21:37:37.378 ERROR [nio-8090-exec-5] o.a.c.c.C.[.[.[.[dispatcherServlet] - Servlet.service() for servlet [dispatcherServlet] in context with path [/springboot] threw exception [Request processing failed; nested exception is org.apache.ibatis.binding.BindingException: Invalid bound statement (not found): com.testfan.dao.CaseSystemMapper.selectByExample] with root cause
org.apache.ibatis.binding.BindingException: Invalid bound statement (not found): com.testfan.dao.CaseSystemMapper.selectByExample
	at org.apache.ibatis.binding.MapperMethod$SqlCommand.<init>(MapperMethod.java:227)
	at org.apache.ibatis.binding.MapperMethod.<init>(MapperMethod.java:49)
	at org.apache.ibatis.binding.MapperProxy.cachedMapperMethod(MapperProxy.java:65)
	at org.apache.ibatis.binding.MapperProxy.invoke(MapperProxy.java:58)
	at com.sun.proxy.$Proxy64.selectByExample(Unknown Source)
	at com.testfan.HelloSpringboot.testdb(HelloSpringboot.java:106)
	at sun.reflect.NativeMethodAccessorImpl.invoke0(Native Method)
	at sun.reflect.NativeMethodAccessorImpl.invoke(NativeMethodAccessorImpl.java:62)
	at sun.reflect.DelegatingMethodAccessorImpl.invoke(DelegatingMethodAccessorImpl.java:43)
	at java.lang.reflect.Method.invoke(Method.java:498)
	at org.springframework.web.method.support.InvocableHandlerMethod.doInvoke(InvocableHandlerMethod.java:209)
	at org.springframework.web.method.support.InvocableHandlerMethod.invokeForRequest(InvocableHandlerMethod.java:136)
	at org.springframework.web.servlet.mvc.method.annotation.ServletInvocableHandlerMethod.invokeAndHandle(ServletInvocableHandlerMethod.java:102)
	at org.springframework.web.servlet.mvc.method.annotation.RequestMappingHandlerAdapter.invokeHandlerMethod(RequestMappingHandlerAdapter.java:877)
	at org.springframework.web.servlet.mvc.method.annotation.RequestMappingHandlerAdapter.handleInternal(RequestMappingHandlerAdapter.java:783)
	at org.springframework.web.servlet.mvc.method.AbstractHandlerMethodAdapter.handle(AbstractHandlerMethodAdapter.java:87)
	at org.springframework.web.servlet.DispatcherServlet.doDispatch(DispatcherServlet.java:991)
	at org.springframework.web.servlet.DispatcherServlet.doService(DispatcherServlet.java:925)
	at org.springframework.web.servlet.FrameworkServlet.processRequest(FrameworkServlet.java:974)
	at org.springframework.web.servlet.FrameworkServlet.doGet(FrameworkServlet.java:866)
	at javax.servlet.http.HttpServlet.service(HttpServlet.java:635)
	at org.springframework.web.servlet.FrameworkServlet.service(FrameworkServlet.java:851)
	at javax.servlet.http.HttpServlet.service(HttpServlet.java:742)
	at org.apache.catalina.core.ApplicationFilterChain.internalDoFilter(ApplicationFilterChain.java:231)
	at org.apache.catalina.core.ApplicationFilterChain.doFilter(ApplicationFilterChain.java:166)
	at org.apache.tomcat.websocket.server.WsFilter.doFilter(WsFilter.java:52)
	at org.apache.catalina.core.ApplicationFilterChain.internalDoFilter(ApplicationFilterChain.java:193)
	at org.apache.catalina.core.ApplicationFilterChain.doFilter(ApplicationFilterChain.java:166)
	at org.springframework.web.filter.RequestContextFilter.doFilterInternal(RequestContextFilter.java:99)
	at org.springframework.web.filter.OncePerRequestFilter.doFilter(OncePerRequestFilter.java:107)
	at org.apache.catalina.core.ApplicationFilterChain.internalDoFilter(ApplicationFilterChain.java:193)
	at org.apache.catalina.core.ApplicationFilterChain.doFilter(ApplicationFilterChain.java:166)
	at org.springframework.web.filter.HttpPutFormContentFilter.doFilterInternal(HttpPutFormContentFilter.java:109)
	at org.springframework.web.filter.OncePerRequestFilter.doFilter(OncePerRequestFilter.java:107)
	at org.apache.catalina.core.ApplicationFilterChain.internalDoFilter(ApplicationFilterChain.java:193)
	at org.apache.catalina.core.ApplicationFilterChain.doFilter(ApplicationFilterChain.java:166)
	at org.springframework.web.filter.HiddenHttpMethodFilter.doFilterInternal(HiddenHttpMethodFilter.java:93)
	at org.springframework.web.filter.OncePerRequestFilter.doFilter(OncePerRequestFilter.java:107)
	at org.apache.catalina.core.ApplicationFilterChain.internalDoFilter(ApplicationFilterChain.java:193)
	at org.apache.catalina.core.ApplicationFilterChain.doFilter(ApplicationFilterChain.java:166)
	at org.springframework.web.filter.CharacterEncodingFilter.doFilterInternal(CharacterEncodingFilter.java:200)
	at org.springframework.web.filter.OncePerRequestFilter.doFilter(OncePerRequestFilter.java:107)
	at org.apache.catalina.core.ApplicationFilterChain.internalDoFilter(ApplicationFilterChain.java:193)
	at org.apache.catalina.core.ApplicationFilterChain.doFilter(ApplicationFilterChain.java:166)
	at org.apache.catalina.core.StandardWrapperValve.invoke(StandardWrapperValve.java:198)
	at org.apache.catalina.core.StandardContextValve.invoke(StandardContextValve.java:96)
	at org.apache.catalina.authenticator.AuthenticatorBase.invoke(AuthenticatorBase.java:493)
	at org.apache.catalina.core.StandardHostValve.invoke(StandardHostValve.java:140)
	at org.apache.catalina.valves.ErrorReportValve.invoke(ErrorReportValve.java:81)
	at org.apache.catalina.core.StandardEngineValve.invoke(StandardEngineValve.java:87)
	at org.apache.catalina.connector.CoyoteAdapter.service(CoyoteAdapter.java:342)
	at org.apache.coyote.http11.Http11Processor.service(Http11Processor.java:800)
	at org.apache.coyote.AbstractProcessorLight.process(AbstractProcessorLight.java:66)
	at org.apache.coyote.AbstractProtocol$ConnectionHandler.process(AbstractProtocol.java:800)
	at org.apache.tomcat.util.net.NioEndpoint$SocketProcessor.doRun(NioEndpoint.java:1471)
	at org.apache.tomcat.util.net.SocketProcessorBase.run(SocketProcessorBase.java:49)
	at java.util.concurrent.ThreadPoolExecutor.runWorker(ThreadPoolExecutor.java:1149)
	at java.util.concurrent.ThreadPoolExecutor$Worker.run(ThreadPoolExecutor.java:624)
	at org.apache.tomcat.util.threads.TaskThread$WrappingRunnable.run(TaskThread.java:61)
	at java.lang.Thread.run(Thread.java:748)
21:40:35.541 INFO  [           main] c.t.SpringbootTestApplication - Starting SpringbootTestApplication on WIN-1GF9INK28GB with PID 8640 (D:\ideaSpace2\springbootTest\target\classes started by Administrator in D:\ideaSpace2\springbootTest)
21:40:35.550 INFO  [           main] c.t.SpringbootTestApplication - No active profile set, falling back to default profiles: default
21:40:35.642 INFO  [           main] o.s.b.w.s.c.AnnotationConfigServletWebServerApplicationContext - Refreshing org.springframework.boot.web.servlet.context.AnnotationConfigServletWebServerApplicationContext@5c30a9b0: startup date [Mon Apr 13 21:40:35 CST 2020]; root of context hierarchy
21:40:37.661 INFO  [           main] o.s.b.w.e.t.TomcatWebServer - Tomcat initialized with port(s): 8090 (http)
21:40:37.688 INFO  [           main] o.a.c.http11.Http11NioProtocol - Initializing ProtocolHandler ["http-nio-8090"]
21:40:37.707 INFO  [           main] o.a.c.core.StandardService - Starting service [Tomcat]
21:40:37.708 INFO  [           main] o.a.c.core.StandardEngine - Starting Servlet Engine: Apache Tomcat/8.5.32
21:40:37.715 INFO  [ost-startStop-1] o.a.c.c.AprLifecycleListener - The APR based Apache Tomcat Native library which allows optimal performance in production environments was not found on the java.library.path: [C:\Program Files\Java\jdk1.8.0_221\bin;C:\Windows\Sun\Java\bin;C:\Windows\system32;C:\Windows;C:\Program Files (x86)\Common Files\NetSarang;C:\Program Files (x86)\Common Files\Oracle\Java\javapath;C:\Windows\system32;C:\Windows;C:\Windows\System32\Wbem;C:\Windows\System32\WindowsPowerShell\v1.0\;C:\Windows\System32\OpenSSH\;C:\Program Files\Java\jdk1.8.0_221\bin;D:\tools\apache-maven-3.3.9\bin;D:\tools\Android_SDK\build-tools\29.0.2;D:\tools\Android_SDK\platform-tools;D:\tools\Android_SDK\emulator;D:\tools\Android_SDK\tools;C:\Program Files\Java\jdk1.8.0_221\jre\bin;D:\gongjuList\gitClient\Git\cmd;F:\apache-ant-1.10.3\bin;C:\ProgramData\chocolatey\bin;D:\tools\Android_SDK\tools\bin;C:\Program Files (x86)\GnuWin32\bin;;D:\tools\Appium_All\worksoftware\nvm\v8.11.3;D:\tools\Appium_All\worksoftware\nvm\v10.16.3;D:\tools\Appium_All\nodejs\;D:\tools\python36\Scripts\;D:\tools\python36\;C:\Users\Administrator\.windows-build-tools\python27;C:\Users\Administrator\.windows-build-tools\python27\Scripts;D:\tools\securityTools\fiddler;D:\gongjuList\vsCode\Microsoft VS Code\bin;D:\gongjuList\allure\allure-2.12.1\bin;D:\gongjuList\JetBrains\IntelliJ IDEA 2019.3.1\bin;D:\tools\Appium_All\worksoftware\nvm;D:\tools\Appium_All\worksoftware\nvm\nodejs;D:\tools\Appium_All\worksoftware\nodejs\npm-global;C:\Users\Administrator\AppData\Roaming\npm;.]
21:40:38.193 INFO  [ost-startStop-1] o.a.jasper.servlet.TldScanner - At least one JAR was scanned for TLDs yet contained no TLDs. Enable debug logging for this logger for a complete list of JARs that were scanned but no TLDs were found in them. Skipping unneeded JARs during scanning can improve startup time and JSP compilation time.
21:40:38.202 INFO  [ost-startStop-1] o.a.c.c.C.[.[.[/springboot] - Initializing Spring embedded WebApplicationContext
21:40:38.202 INFO  [ost-startStop-1] o.s.web.context.ContextLoader - Root WebApplicationContext: initialization completed in 2560 ms
21:40:38.351 INFO  [ost-startStop-1] o.s.b.w.s.ServletRegistrationBean - Servlet dispatcherServlet mapped to [/]
21:40:38.359 INFO  [ost-startStop-1] o.s.b.w.s.FilterRegistrationBean - Mapping filter: 'characterEncodingFilter' to: [/*]
21:40:38.359 INFO  [ost-startStop-1] o.s.b.w.s.FilterRegistrationBean - Mapping filter: 'hiddenHttpMethodFilter' to: [/*]
21:40:38.360 INFO  [ost-startStop-1] o.s.b.w.s.FilterRegistrationBean - Mapping filter: 'httpPutFormContentFilter' to: [/*]
21:40:38.360 INFO  [ost-startStop-1] o.s.b.w.s.FilterRegistrationBean - Mapping filter: 'requestContextFilter' to: [/*]
21:40:38.936 INFO  [           main] o.s.w.s.h.SimpleUrlHandlerMapping - Mapped URL path [/**/favicon.ico] onto handler of type [class org.springframework.web.servlet.resource.ResourceHttpRequestHandler]
21:40:39.253 INFO  [           main] o.s.w.s.m.m.a.RequestMappingHandlerAdapter - Looking for @ControllerAdvice: org.springframework.boot.web.servlet.context.AnnotationConfigServletWebServerApplicationContext@5c30a9b0: startup date [Mon Apr 13 21:40:35 CST 2020]; root of context hierarchy
21:40:39.346 INFO  [           main] o.s.w.s.m.m.a.RequestMappingHandlerMapping - Mapped "{[/hello/mvc],methods=[GET]}" onto public java.lang.String com.testfan.HelloSpringboot.HelloWorld(org.springframework.ui.Model)
21:40:39.347 INFO  [           main] o.s.w.s.m.m.a.RequestMappingHandlerMapping - Mapped "{[/hello/upload],methods=[GET]}" onto public java.lang.String com.testfan.HelloSpringboot.showUploadPage()
21:40:39.348 INFO  [           main] o.s.w.s.m.m.a.RequestMappingHandlerMapping - Mapped "{[/hello/map]}" onto public java.util.Map<java.lang.String, java.lang.Object> com.testfan.HelloSpringboot.getALL()
21:40:39.349 INFO  [           main] o.s.w.s.m.m.a.RequestMappingHandlerMapping - Mapped "{[/hello/testpage],methods=[GET]}" onto public java.lang.Object com.testfan.HelloSpringboot.testpage()
21:40:39.349 INFO  [           main] o.s.w.s.m.m.a.RequestMappingHandlerMapping - Mapped "{[/hello/doUpload],methods=[POST]}" onto public java.lang.String com.testfan.HelloSpringboot.doUploadFile(org.springframework.web.multipart.MultipartFile)
21:40:39.350 INFO  [           main] o.s.w.s.m.m.a.RequestMappingHandlerMapping - Mapped "{[/hello/testdb],methods=[GET]}" onto public java.util.List<com.testfan.model.CaseSystem> com.testfan.HelloSpringboot.testdb()
21:40:39.355 INFO  [           main] o.s.w.s.m.m.a.RequestMappingHandlerMapping - Mapped "{[/error]}" onto public org.springframework.http.ResponseEntity<java.util.Map<java.lang.String, java.lang.Object>> org.springframework.boot.autoconfigure.web.servlet.error.BasicErrorController.error(javax.servlet.http.HttpServletRequest)
21:40:39.356 INFO  [           main] o.s.w.s.m.m.a.RequestMappingHandlerMapping - Mapped "{[/error],produces=[text/html]}" onto public org.springframework.web.servlet.ModelAndView org.springframework.boot.autoconfigure.web.servlet.error.BasicErrorController.errorHtml(javax.servlet.http.HttpServletRequest,javax.servlet.http.HttpServletResponse)
21:40:39.404 INFO  [           main] o.s.w.s.h.SimpleUrlHandlerMapping - Mapped URL path [/webjars/**] onto handler of type [class org.springframework.web.servlet.resource.ResourceHttpRequestHandler]
21:40:39.405 INFO  [           main] o.s.w.s.h.SimpleUrlHandlerMapping - Mapped URL path [/**] onto handler of type [class org.springframework.web.servlet.resource.ResourceHttpRequestHandler]
21:40:39.864 INFO  [           main] o.s.j.e.a.AnnotationMBeanExporter - Registering beans for JMX exposure on startup
21:40:39.867 INFO  [           main] o.s.j.e.a.AnnotationMBeanExporter - Bean with name 'dataSource' has been autodetected for JMX exposure
21:40:39.876 INFO  [           main] o.s.j.e.a.AnnotationMBeanExporter - Located MBean 'dataSource': registering with JMX server as MBean [com.zaxxer.hikari:name=dataSource,type=HikariDataSource]
21:40:39.901 INFO  [           main] o.a.c.http11.Http11NioProtocol - Starting ProtocolHandler ["http-nio-8090"]
21:40:40.061 INFO  [           main] o.a.t.util.net.NioSelectorPool - Using a shared selector for servlet write/read
21:40:40.101 INFO  [           main] o.s.b.w.e.t.TomcatWebServer - Tomcat started on port(s): 8090 (http) with context path '/springboot'
21:40:40.109 INFO  [           main] c.t.SpringbootTestApplication - Started SpringbootTestApplication in 5.173 seconds (JVM running for 8.478)
21:40:52.609 INFO  [nio-8090-exec-1] o.a.c.c.C.[.[.[/springboot] - Initializing Spring FrameworkServlet 'dispatcherServlet'
21:40:52.610 INFO  [nio-8090-exec-1] o.s.w.s.DispatcherServlet - FrameworkServlet 'dispatcherServlet': initialization started
21:40:52.644 INFO  [nio-8090-exec-1] o.s.w.s.DispatcherServlet - FrameworkServlet 'dispatcherServlet': initialization completed in 33 ms
21:40:52.702 ERROR [nio-8090-exec-1] o.a.c.c.C.[.[.[.[dispatcherServlet] - Servlet.service() for servlet [dispatcherServlet] in context with path [/springboot] threw exception [Request processing failed; nested exception is org.apache.ibatis.binding.BindingException: Invalid bound statement (not found): com.testfan.dao.CaseSystemMapper.selectByExample] with root cause
org.apache.ibatis.binding.BindingException: Invalid bound statement (not found): com.testfan.dao.CaseSystemMapper.selectByExample
	at org.apache.ibatis.binding.MapperMethod$SqlCommand.<init>(MapperMethod.java:227)
	at org.apache.ibatis.binding.MapperMethod.<init>(MapperMethod.java:49)
	at org.apache.ibatis.binding.MapperProxy.cachedMapperMethod(MapperProxy.java:65)
	at org.apache.ibatis.binding.MapperProxy.invoke(MapperProxy.java:58)
	at com.sun.proxy.$Proxy64.selectByExample(Unknown Source)
	at com.testfan.HelloSpringboot.testdb(HelloSpringboot.java:106)
	at sun.reflect.NativeMethodAccessorImpl.invoke0(Native Method)
	at sun.reflect.NativeMethodAccessorImpl.invoke(NativeMethodAccessorImpl.java:62)
	at sun.reflect.DelegatingMethodAccessorImpl.invoke(DelegatingMethodAccessorImpl.java:43)
	at java.lang.reflect.Method.invoke(Method.java:498)
	at org.springframework.web.method.support.InvocableHandlerMethod.doInvoke(InvocableHandlerMethod.java:209)
	at org.springframework.web.method.support.InvocableHandlerMethod.invokeForRequest(InvocableHandlerMethod.java:136)
	at org.springframework.web.servlet.mvc.method.annotation.ServletInvocableHandlerMethod.invokeAndHandle(ServletInvocableHandlerMethod.java:102)
	at org.springframework.web.servlet.mvc.method.annotation.RequestMappingHandlerAdapter.invokeHandlerMethod(RequestMappingHandlerAdapter.java:877)
	at org.springframework.web.servlet.mvc.method.annotation.RequestMappingHandlerAdapter.handleInternal(RequestMappingHandlerAdapter.java:783)
	at org.springframework.web.servlet.mvc.method.AbstractHandlerMethodAdapter.handle(AbstractHandlerMethodAdapter.java:87)
	at org.springframework.web.servlet.DispatcherServlet.doDispatch(DispatcherServlet.java:991)
	at org.springframework.web.servlet.DispatcherServlet.doService(DispatcherServlet.java:925)
	at org.springframework.web.servlet.FrameworkServlet.processRequest(FrameworkServlet.java:974)
	at org.springframework.web.servlet.FrameworkServlet.doGet(FrameworkServlet.java:866)
	at javax.servlet.http.HttpServlet.service(HttpServlet.java:635)
	at org.springframework.web.servlet.FrameworkServlet.service(FrameworkServlet.java:851)
	at javax.servlet.http.HttpServlet.service(HttpServlet.java:742)
	at org.apache.catalina.core.ApplicationFilterChain.internalDoFilter(ApplicationFilterChain.java:231)
	at org.apache.catalina.core.ApplicationFilterChain.doFilter(ApplicationFilterChain.java:166)
	at org.apache.tomcat.websocket.server.WsFilter.doFilter(WsFilter.java:52)
	at org.apache.catalina.core.ApplicationFilterChain.internalDoFilter(ApplicationFilterChain.java:193)
	at org.apache.catalina.core.ApplicationFilterChain.doFilter(ApplicationFilterChain.java:166)
	at org.springframework.web.filter.RequestContextFilter.doFilterInternal(RequestContextFilter.java:99)
	at org.springframework.web.filter.OncePerRequestFilter.doFilter(OncePerRequestFilter.java:107)
	at org.apache.catalina.core.ApplicationFilterChain.internalDoFilter(ApplicationFilterChain.java:193)
	at org.apache.catalina.core.ApplicationFilterChain.doFilter(ApplicationFilterChain.java:166)
	at org.springframework.web.filter.HttpPutFormContentFilter.doFilterInternal(HttpPutFormContentFilter.java:109)
	at org.springframework.web.filter.OncePerRequestFilter.doFilter(OncePerRequestFilter.java:107)
	at org.apache.catalina.core.ApplicationFilterChain.internalDoFilter(ApplicationFilterChain.java:193)
	at org.apache.catalina.core.ApplicationFilterChain.doFilter(ApplicationFilterChain.java:166)
	at org.springframework.web.filter.HiddenHttpMethodFilter.doFilterInternal(HiddenHttpMethodFilter.java:93)
	at org.springframework.web.filter.OncePerRequestFilter.doFilter(OncePerRequestFilter.java:107)
	at org.apache.catalina.core.ApplicationFilterChain.internalDoFilter(ApplicationFilterChain.java:193)
	at org.apache.catalina.core.ApplicationFilterChain.doFilter(ApplicationFilterChain.java:166)
	at org.springframework.web.filter.CharacterEncodingFilter.doFilterInternal(CharacterEncodingFilter.java:200)
	at org.springframework.web.filter.OncePerRequestFilter.doFilter(OncePerRequestFilter.java:107)
	at org.apache.catalina.core.ApplicationFilterChain.internalDoFilter(ApplicationFilterChain.java:193)
	at org.apache.catalina.core.ApplicationFilterChain.doFilter(ApplicationFilterChain.java:166)
	at org.apache.catalina.core.StandardWrapperValve.invoke(StandardWrapperValve.java:198)
	at org.apache.catalina.core.StandardContextValve.invoke(StandardContextValve.java:96)
	at org.apache.catalina.authenticator.AuthenticatorBase.invoke(AuthenticatorBase.java:493)
	at org.apache.catalina.core.StandardHostValve.invoke(StandardHostValve.java:140)
	at org.apache.catalina.valves.ErrorReportValve.invoke(ErrorReportValve.java:81)
	at org.apache.catalina.core.StandardEngineValve.invoke(StandardEngineValve.java:87)
	at org.apache.catalina.connector.CoyoteAdapter.service(CoyoteAdapter.java:342)
	at org.apache.coyote.http11.Http11Processor.service(Http11Processor.java:800)
	at org.apache.coyote.AbstractProcessorLight.process(AbstractProcessorLight.java:66)
	at org.apache.coyote.AbstractProtocol$ConnectionHandler.process(AbstractProtocol.java:800)
	at org.apache.tomcat.util.net.NioEndpoint$SocketProcessor.doRun(NioEndpoint.java:1471)
	at org.apache.tomcat.util.net.SocketProcessorBase.run(SocketProcessorBase.java:49)
	at java.util.concurrent.ThreadPoolExecutor.runWorker(ThreadPoolExecutor.java:1149)
	at java.util.concurrent.ThreadPoolExecutor$Worker.run(ThreadPoolExecutor.java:624)
	at org.apache.tomcat.util.threads.TaskThread$WrappingRunnable.run(TaskThread.java:61)
	at java.lang.Thread.run(Thread.java:748)
21:44:36.326 INFO  [           main] c.t.SpringbootTestApplication - Starting SpringbootTestApplication on WIN-1GF9INK28GB with PID 11552 (D:\ideaSpace2\springbootTest\target\classes started by Administrator in D:\ideaSpace2\springbootTest)
21:44:36.336 INFO  [           main] c.t.SpringbootTestApplication - No active profile set, falling back to default profiles: default
21:44:36.397 INFO  [           main] o.s.b.w.s.c.AnnotationConfigServletWebServerApplicationContext - Refreshing org.springframework.boot.web.servlet.context.AnnotationConfigServletWebServerApplicationContext@50a638b5: startup date [Mon Apr 13 21:44:36 CST 2020]; root of context hierarchy
21:44:38.344 INFO  [           main] o.s.b.w.e.t.TomcatWebServer - Tomcat initialized with port(s): 8090 (http)
21:44:38.366 INFO  [           main] o.a.c.http11.Http11NioProtocol - Initializing ProtocolHandler ["http-nio-8090"]
21:44:38.376 INFO  [           main] o.a.c.core.StandardService - Starting service [Tomcat]
21:44:38.377 INFO  [           main] o.a.c.core.StandardEngine - Starting Servlet Engine: Apache Tomcat/8.5.32
21:44:38.383 INFO  [ost-startStop-1] o.a.c.c.AprLifecycleListener - The APR based Apache Tomcat Native library which allows optimal performance in production environments was not found on the java.library.path: [C:\Program Files\Java\jdk1.8.0_221\bin;C:\Windows\Sun\Java\bin;C:\Windows\system32;C:\Windows;C:\Program Files (x86)\Common Files\NetSarang;C:\Program Files (x86)\Common Files\Oracle\Java\javapath;C:\Windows\system32;C:\Windows;C:\Windows\System32\Wbem;C:\Windows\System32\WindowsPowerShell\v1.0\;C:\Windows\System32\OpenSSH\;C:\Program Files\Java\jdk1.8.0_221\bin;D:\tools\apache-maven-3.3.9\bin;D:\tools\Android_SDK\build-tools\29.0.2;D:\tools\Android_SDK\platform-tools;D:\tools\Android_SDK\emulator;D:\tools\Android_SDK\tools;C:\Program Files\Java\jdk1.8.0_221\jre\bin;D:\gongjuList\gitClient\Git\cmd;F:\apache-ant-1.10.3\bin;C:\ProgramData\chocolatey\bin;D:\tools\Android_SDK\tools\bin;C:\Program Files (x86)\GnuWin32\bin;;D:\tools\Appium_All\worksoftware\nvm\v8.11.3;D:\tools\Appium_All\worksoftware\nvm\v10.16.3;D:\tools\Appium_All\nodejs\;D:\tools\python36\Scripts\;D:\tools\python36\;C:\Users\Administrator\.windows-build-tools\python27;C:\Users\Administrator\.windows-build-tools\python27\Scripts;D:\tools\securityTools\fiddler;D:\gongjuList\vsCode\Microsoft VS Code\bin;D:\gongjuList\allure\allure-2.12.1\bin;D:\gongjuList\JetBrains\IntelliJ IDEA 2019.3.1\bin;D:\tools\Appium_All\worksoftware\nvm;D:\tools\Appium_All\worksoftware\nvm\nodejs;D:\tools\Appium_All\worksoftware\nodejs\npm-global;C:\Users\Administrator\AppData\Roaming\npm;.]
21:44:38.654 INFO  [ost-startStop-1] o.a.jasper.servlet.TldScanner - At least one JAR was scanned for TLDs yet contained no TLDs. Enable debug logging for this logger for a complete list of JARs that were scanned but no TLDs were found in them. Skipping unneeded JARs during scanning can improve startup time and JSP compilation time.
21:44:38.658 INFO  [ost-startStop-1] o.a.c.c.C.[.[.[/springboot] - Initializing Spring embedded WebApplicationContext
21:44:38.659 INFO  [ost-startStop-1] o.s.web.context.ContextLoader - Root WebApplicationContext: initialization completed in 2262 ms
21:44:38.715 INFO  [ost-startStop-1] o.s.b.w.s.ServletRegistrationBean - Servlet dispatcherServlet mapped to [/]
21:44:38.719 INFO  [ost-startStop-1] o.s.b.w.s.FilterRegistrationBean - Mapping filter: 'characterEncodingFilter' to: [/*]
21:44:38.719 INFO  [ost-startStop-1] o.s.b.w.s.FilterRegistrationBean - Mapping filter: 'hiddenHttpMethodFilter' to: [/*]
21:44:38.719 INFO  [ost-startStop-1] o.s.b.w.s.FilterRegistrationBean - Mapping filter: 'httpPutFormContentFilter' to: [/*]
21:44:38.719 INFO  [ost-startStop-1] o.s.b.w.s.FilterRegistrationBean - Mapping filter: 'requestContextFilter' to: [/*]
21:44:39.095 INFO  [           main] o.s.w.s.h.SimpleUrlHandlerMapping - Mapped URL path [/**/favicon.ico] onto handler of type [class org.springframework.web.servlet.resource.ResourceHttpRequestHandler]
21:44:39.511 INFO  [           main] o.s.w.s.m.m.a.RequestMappingHandlerAdapter - Looking for @ControllerAdvice: org.springframework.boot.web.servlet.context.AnnotationConfigServletWebServerApplicationContext@50a638b5: startup date [Mon Apr 13 21:44:36 CST 2020]; root of context hierarchy
21:44:39.573 INFO  [           main] o.s.w.s.m.m.a.RequestMappingHandlerMapping - Mapped "{[/hello/map]}" onto public java.util.Map<java.lang.String, java.lang.Object> com.testfan.HelloSpringboot.getALL()
21:44:39.575 INFO  [           main] o.s.w.s.m.m.a.RequestMappingHandlerMapping - Mapped "{[/hello/mvc],methods=[GET]}" onto public java.lang.String com.testfan.HelloSpringboot.HelloWorld(org.springframework.ui.Model)
21:44:39.576 INFO  [           main] o.s.w.s.m.m.a.RequestMappingHandlerMapping - Mapped "{[/hello/doUpload],methods=[POST]}" onto public java.lang.String com.testfan.HelloSpringboot.doUploadFile(org.springframework.web.multipart.MultipartFile)
21:44:39.576 INFO  [           main] o.s.w.s.m.m.a.RequestMappingHandlerMapping - Mapped "{[/hello/testpage],methods=[GET]}" onto public java.lang.Object com.testfan.HelloSpringboot.testpage()
21:44:39.576 INFO  [           main] o.s.w.s.m.m.a.RequestMappingHandlerMapping - Mapped "{[/hello/testdb],methods=[GET]}" onto public java.util.List<com.testfan.model.CaseSystem> com.testfan.HelloSpringboot.testdb()
21:44:39.577 INFO  [           main] o.s.w.s.m.m.a.RequestMappingHandlerMapping - Mapped "{[/hello/upload],methods=[GET]}" onto public java.lang.String com.testfan.HelloSpringboot.showUploadPage()
21:44:39.579 INFO  [           main] o.s.w.s.m.m.a.RequestMappingHandlerMapping - Mapped "{[/error]}" onto public org.springframework.http.ResponseEntity<java.util.Map<java.lang.String, java.lang.Object>> org.springframework.boot.autoconfigure.web.servlet.error.BasicErrorController.error(javax.servlet.http.HttpServletRequest)
21:44:39.580 INFO  [           main] o.s.w.s.m.m.a.RequestMappingHandlerMapping - Mapped "{[/error],produces=[text/html]}" onto public org.springframework.web.servlet.ModelAndView org.springframework.boot.autoconfigure.web.servlet.error.BasicErrorController.errorHtml(javax.servlet.http.HttpServletRequest,javax.servlet.http.HttpServletResponse)
21:44:39.635 INFO  [           main] o.s.w.s.h.SimpleUrlHandlerMapping - Mapped URL path [/webjars/**] onto handler of type [class org.springframework.web.servlet.resource.ResourceHttpRequestHandler]
21:44:39.636 INFO  [           main] o.s.w.s.h.SimpleUrlHandlerMapping - Mapped URL path [/**] onto handler of type [class org.springframework.web.servlet.resource.ResourceHttpRequestHandler]
21:44:39.978 INFO  [           main] o.s.j.e.a.AnnotationMBeanExporter - Registering beans for JMX exposure on startup
21:44:39.980 INFO  [           main] o.s.j.e.a.AnnotationMBeanExporter - Bean with name 'dataSource' has been autodetected for JMX exposure
21:44:39.984 INFO  [           main] o.s.j.e.a.AnnotationMBeanExporter - Located MBean 'dataSource': registering with JMX server as MBean [com.zaxxer.hikari:name=dataSource,type=HikariDataSource]
21:44:39.996 INFO  [           main] o.a.c.http11.Http11NioProtocol - Starting ProtocolHandler ["http-nio-8090"]
21:44:40.005 INFO  [           main] o.a.t.util.net.NioSelectorPool - Using a shared selector for servlet write/read
21:44:40.025 INFO  [           main] o.s.b.w.e.t.TomcatWebServer - Tomcat started on port(s): 8090 (http) with context path '/springboot'
21:44:40.028 INFO  [           main] c.t.SpringbootTestApplication - Started SpringbootTestApplication in 4.128 seconds (JVM running for 6.301)
21:45:25.768 INFO  [nio-8090-exec-1] o.a.c.c.C.[.[.[/springboot] - Initializing Spring FrameworkServlet 'dispatcherServlet'
21:45:25.768 INFO  [nio-8090-exec-1] o.s.w.s.DispatcherServlet - FrameworkServlet 'dispatcherServlet': initialization started
21:45:25.803 INFO  [nio-8090-exec-1] o.s.w.s.DispatcherServlet - FrameworkServlet 'dispatcherServlet': initialization completed in 35 ms
21:45:25.878 ERROR [nio-8090-exec-1] o.a.c.c.C.[.[.[.[dispatcherServlet] - Servlet.service() for servlet [dispatcherServlet] in context with path [/springboot] threw exception [Request processing failed; nested exception is org.apache.ibatis.binding.BindingException: Invalid bound statement (not found): com.testfan.dao.CaseSystemMapper.selectByExample] with root cause
org.apache.ibatis.binding.BindingException: Invalid bound statement (not found): com.testfan.dao.CaseSystemMapper.selectByExample
	at org.apache.ibatis.binding.MapperMethod$SqlCommand.<init>(MapperMethod.java:227)
	at org.apache.ibatis.binding.MapperMethod.<init>(MapperMethod.java:49)
	at org.apache.ibatis.binding.MapperProxy.cachedMapperMethod(MapperProxy.java:65)
	at org.apache.ibatis.binding.MapperProxy.invoke(MapperProxy.java:58)
	at com.sun.proxy.$Proxy64.selectByExample(Unknown Source)
	at com.testfan.HelloSpringboot.testdb(HelloSpringboot.java:106)
	at sun.reflect.NativeMethodAccessorImpl.invoke0(Native Method)
	at sun.reflect.NativeMethodAccessorImpl.invoke(NativeMethodAccessorImpl.java:62)
	at sun.reflect.DelegatingMethodAccessorImpl.invoke(DelegatingMethodAccessorImpl.java:43)
	at java.lang.reflect.Method.invoke(Method.java:498)
	at org.springframework.web.method.support.InvocableHandlerMethod.doInvoke(InvocableHandlerMethod.java:209)
	at org.springframework.web.method.support.InvocableHandlerMethod.invokeForRequest(InvocableHandlerMethod.java:136)
	at org.springframework.web.servlet.mvc.method.annotation.ServletInvocableHandlerMethod.invokeAndHandle(ServletInvocableHandlerMethod.java:102)
	at org.springframework.web.servlet.mvc.method.annotation.RequestMappingHandlerAdapter.invokeHandlerMethod(RequestMappingHandlerAdapter.java:877)
	at org.springframework.web.servlet.mvc.method.annotation.RequestMappingHandlerAdapter.handleInternal(RequestMappingHandlerAdapter.java:783)
	at org.springframework.web.servlet.mvc.method.AbstractHandlerMethodAdapter.handle(AbstractHandlerMethodAdapter.java:87)
	at org.springframework.web.servlet.DispatcherServlet.doDispatch(DispatcherServlet.java:991)
	at org.springframework.web.servlet.DispatcherServlet.doService(DispatcherServlet.java:925)
	at org.springframework.web.servlet.FrameworkServlet.processRequest(FrameworkServlet.java:974)
	at org.springframework.web.servlet.FrameworkServlet.doGet(FrameworkServlet.java:866)
	at javax.servlet.http.HttpServlet.service(HttpServlet.java:635)
	at org.springframework.web.servlet.FrameworkServlet.service(FrameworkServlet.java:851)
	at javax.servlet.http.HttpServlet.service(HttpServlet.java:742)
	at org.apache.catalina.core.ApplicationFilterChain.internalDoFilter(ApplicationFilterChain.java:231)
	at org.apache.catalina.core.ApplicationFilterChain.doFilter(ApplicationFilterChain.java:166)
	at org.apache.tomcat.websocket.server.WsFilter.doFilter(WsFilter.java:52)
	at org.apache.catalina.core.ApplicationFilterChain.internalDoFilter(ApplicationFilterChain.java:193)
	at org.apache.catalina.core.ApplicationFilterChain.doFilter(ApplicationFilterChain.java:166)
	at org.springframework.web.filter.RequestContextFilter.doFilterInternal(RequestContextFilter.java:99)
	at org.springframework.web.filter.OncePerRequestFilter.doFilter(OncePerRequestFilter.java:107)
	at org.apache.catalina.core.ApplicationFilterChain.internalDoFilter(ApplicationFilterChain.java:193)
	at org.apache.catalina.core.ApplicationFilterChain.doFilter(ApplicationFilterChain.java:166)
	at org.springframework.web.filter.HttpPutFormContentFilter.doFilterInternal(HttpPutFormContentFilter.java:109)
	at org.springframework.web.filter.OncePerRequestFilter.doFilter(OncePerRequestFilter.java:107)
	at org.apache.catalina.core.ApplicationFilterChain.internalDoFilter(ApplicationFilterChain.java:193)
	at org.apache.catalina.core.ApplicationFilterChain.doFilter(ApplicationFilterChain.java:166)
	at org.springframework.web.filter.HiddenHttpMethodFilter.doFilterInternal(HiddenHttpMethodFilter.java:93)
	at org.springframework.web.filter.OncePerRequestFilter.doFilter(OncePerRequestFilter.java:107)
	at org.apache.catalina.core.ApplicationFilterChain.internalDoFilter(ApplicationFilterChain.java:193)
	at org.apache.catalina.core.ApplicationFilterChain.doFilter(ApplicationFilterChain.java:166)
	at org.springframework.web.filter.CharacterEncodingFilter.doFilterInternal(CharacterEncodingFilter.java:200)
	at org.springframework.web.filter.OncePerRequestFilter.doFilter(OncePerRequestFilter.java:107)
	at org.apache.catalina.core.ApplicationFilterChain.internalDoFilter(ApplicationFilterChain.java:193)
	at org.apache.catalina.core.ApplicationFilterChain.doFilter(ApplicationFilterChain.java:166)
	at org.apache.catalina.core.StandardWrapperValve.invoke(StandardWrapperValve.java:198)
	at org.apache.catalina.core.StandardContextValve.invoke(StandardContextValve.java:96)
	at org.apache.catalina.authenticator.AuthenticatorBase.invoke(AuthenticatorBase.java:493)
	at org.apache.catalina.core.StandardHostValve.invoke(StandardHostValve.java:140)
	at org.apache.catalina.valves.ErrorReportValve.invoke(ErrorReportValve.java:81)
	at org.apache.catalina.core.StandardEngineValve.invoke(StandardEngineValve.java:87)
	at org.apache.catalina.connector.CoyoteAdapter.service(CoyoteAdapter.java:342)
	at org.apache.coyote.http11.Http11Processor.service(Http11Processor.java:800)
	at org.apache.coyote.AbstractProcessorLight.process(AbstractProcessorLight.java:66)
	at org.apache.coyote.AbstractProtocol$ConnectionHandler.process(AbstractProtocol.java:800)
	at org.apache.tomcat.util.net.NioEndpoint$SocketProcessor.doRun(NioEndpoint.java:1471)
	at org.apache.tomcat.util.net.SocketProcessorBase.run(SocketProcessorBase.java:49)
	at java.util.concurrent.ThreadPoolExecutor.runWorker(ThreadPoolExecutor.java:1149)
	at java.util.concurrent.ThreadPoolExecutor$Worker.run(ThreadPoolExecutor.java:624)
	at org.apache.tomcat.util.threads.TaskThread$WrappingRunnable.run(TaskThread.java:61)
	at java.lang.Thread.run(Thread.java:748)
21:49:45.458 INFO  [           main] c.t.SpringbootTestApplication - Starting SpringbootTestApplication on WIN-1GF9INK28GB with PID 944 (D:\ideaSpace2\springbootTest\target\classes started by Administrator in D:\ideaSpace2\springbootTest)
21:49:45.463 INFO  [           main] c.t.SpringbootTestApplication - No active profile set, falling back to default profiles: default
21:49:45.558 INFO  [           main] o.s.b.w.s.c.AnnotationConfigServletWebServerApplicationContext - Refreshing org.springframework.boot.web.servlet.context.AnnotationConfigServletWebServerApplicationContext@7e0b85f9: startup date [Mon Apr 13 21:49:45 CST 2020]; root of context hierarchy
21:49:47.347 INFO  [           main] o.s.b.w.e.t.TomcatWebServer - Tomcat initialized with port(s): 8090 (http)
21:49:47.373 INFO  [           main] o.a.c.http11.Http11NioProtocol - Initializing ProtocolHandler ["http-nio-8090"]
21:49:47.392 INFO  [           main] o.a.c.core.StandardService - Starting service [Tomcat]
21:49:47.392 INFO  [           main] o.a.c.core.StandardEngine - Starting Servlet Engine: Apache Tomcat/8.5.32
21:49:47.400 INFO  [ost-startStop-1] o.a.c.c.AprLifecycleListener - The APR based Apache Tomcat Native library which allows optimal performance in production environments was not found on the java.library.path: [C:\Program Files\Java\jdk1.8.0_221\bin;C:\Windows\Sun\Java\bin;C:\Windows\system32;C:\Windows;C:\Program Files (x86)\Common Files\NetSarang;C:\Program Files (x86)\Common Files\Oracle\Java\javapath;C:\Windows\system32;C:\Windows;C:\Windows\System32\Wbem;C:\Windows\System32\WindowsPowerShell\v1.0\;C:\Windows\System32\OpenSSH\;C:\Program Files\Java\jdk1.8.0_221\bin;D:\tools\apache-maven-3.3.9\bin;D:\tools\Android_SDK\build-tools\29.0.2;D:\tools\Android_SDK\platform-tools;D:\tools\Android_SDK\emulator;D:\tools\Android_SDK\tools;C:\Program Files\Java\jdk1.8.0_221\jre\bin;D:\gongjuList\gitClient\Git\cmd;F:\apache-ant-1.10.3\bin;C:\ProgramData\chocolatey\bin;D:\tools\Android_SDK\tools\bin;C:\Program Files (x86)\GnuWin32\bin;;D:\tools\Appium_All\worksoftware\nvm\v8.11.3;D:\tools\Appium_All\worksoftware\nvm\v10.16.3;D:\tools\Appium_All\nodejs\;D:\tools\python36\Scripts\;D:\tools\python36\;C:\Users\Administrator\.windows-build-tools\python27;C:\Users\Administrator\.windows-build-tools\python27\Scripts;D:\tools\securityTools\fiddler;D:\gongjuList\vsCode\Microsoft VS Code\bin;D:\gongjuList\allure\allure-2.12.1\bin;D:\gongjuList\JetBrains\IntelliJ IDEA 2019.3.1\bin;D:\tools\Appium_All\worksoftware\nvm;D:\tools\Appium_All\worksoftware\nvm\nodejs;D:\tools\Appium_All\worksoftware\nodejs\npm-global;C:\Users\Administrator\AppData\Roaming\npm;.]
21:49:47.841 INFO  [ost-startStop-1] o.a.jasper.servlet.TldScanner - At least one JAR was scanned for TLDs yet contained no TLDs. Enable debug logging for this logger for a complete list of JARs that were scanned but no TLDs were found in them. Skipping unneeded JARs during scanning can improve startup time and JSP compilation time.
21:49:47.850 INFO  [ost-startStop-1] o.a.c.c.C.[.[.[/springboot] - Initializing Spring embedded WebApplicationContext
21:49:47.850 INFO  [ost-startStop-1] o.s.web.context.ContextLoader - Root WebApplicationContext: initialization completed in 2292 ms
21:49:47.964 INFO  [ost-startStop-1] o.s.b.w.s.ServletRegistrationBean - Servlet dispatcherServlet mapped to [/]
21:49:47.971 INFO  [ost-startStop-1] o.s.b.w.s.FilterRegistrationBean - Mapping filter: 'characterEncodingFilter' to: [/*]
21:49:47.971 INFO  [ost-startStop-1] o.s.b.w.s.FilterRegistrationBean - Mapping filter: 'hiddenHttpMethodFilter' to: [/*]
21:49:47.972 INFO  [ost-startStop-1] o.s.b.w.s.FilterRegistrationBean - Mapping filter: 'httpPutFormContentFilter' to: [/*]
21:49:47.972 INFO  [ost-startStop-1] o.s.b.w.s.FilterRegistrationBean - Mapping filter: 'requestContextFilter' to: [/*]
21:49:48.571 INFO  [           main] o.s.w.s.h.SimpleUrlHandlerMapping - Mapped URL path [/**/favicon.ico] onto handler of type [class org.springframework.web.servlet.resource.ResourceHttpRequestHandler]
21:49:48.894 INFO  [           main] o.s.w.s.m.m.a.RequestMappingHandlerAdapter - Looking for @ControllerAdvice: org.springframework.boot.web.servlet.context.AnnotationConfigServletWebServerApplicationContext@7e0b85f9: startup date [Mon Apr 13 21:49:45 CST 2020]; root of context hierarchy
21:49:48.986 INFO  [           main] o.s.w.s.m.m.a.RequestMappingHandlerMapping - Mapped "{[/hello/doUpload],methods=[POST]}" onto public java.lang.String com.testfan.HelloSpringboot.doUploadFile(org.springframework.web.multipart.MultipartFile)
21:49:48.988 INFO  [           main] o.s.w.s.m.m.a.RequestMappingHandlerMapping - Mapped "{[/hello/testdb],methods=[GET]}" onto public java.util.List<com.testfan.model.CaseSystem> com.testfan.HelloSpringboot.testdb()
21:49:48.988 INFO  [           main] o.s.w.s.m.m.a.RequestMappingHandlerMapping - Mapped "{[/hello/mvc],methods=[GET]}" onto public java.lang.String com.testfan.HelloSpringboot.HelloWorld(org.springframework.ui.Model)
21:49:48.989 INFO  [           main] o.s.w.s.m.m.a.RequestMappingHandlerMapping - Mapped "{[/hello/testpage],methods=[GET]}" onto public java.lang.Object com.testfan.HelloSpringboot.testpage()
21:49:48.990 INFO  [           main] o.s.w.s.m.m.a.RequestMappingHandlerMapping - Mapped "{[/hello/map]}" onto public java.util.Map<java.lang.String, java.lang.Object> com.testfan.HelloSpringboot.getALL()
21:49:48.991 INFO  [           main] o.s.w.s.m.m.a.RequestMappingHandlerMapping - Mapped "{[/hello/upload],methods=[GET]}" onto public java.lang.String com.testfan.HelloSpringboot.showUploadPage()
21:49:48.996 INFO  [           main] o.s.w.s.m.m.a.RequestMappingHandlerMapping - Mapped "{[/error]}" onto public org.springframework.http.ResponseEntity<java.util.Map<java.lang.String, java.lang.Object>> org.springframework.boot.autoconfigure.web.servlet.error.BasicErrorController.error(javax.servlet.http.HttpServletRequest)
21:49:48.997 INFO  [           main] o.s.w.s.m.m.a.RequestMappingHandlerMapping - Mapped "{[/error],produces=[text/html]}" onto public org.springframework.web.servlet.ModelAndView org.springframework.boot.autoconfigure.web.servlet.error.BasicErrorController.errorHtml(javax.servlet.http.HttpServletRequest,javax.servlet.http.HttpServletResponse)
21:49:49.045 INFO  [           main] o.s.w.s.h.SimpleUrlHandlerMapping - Mapped URL path [/webjars/**] onto handler of type [class org.springframework.web.servlet.resource.ResourceHttpRequestHandler]
21:49:49.045 INFO  [           main] o.s.w.s.h.SimpleUrlHandlerMapping - Mapped URL path [/**] onto handler of type [class org.springframework.web.servlet.resource.ResourceHttpRequestHandler]
21:49:49.606 INFO  [           main] o.s.j.e.a.AnnotationMBeanExporter - Registering beans for JMX exposure on startup
21:49:49.609 INFO  [           main] o.s.j.e.a.AnnotationMBeanExporter - Bean with name 'dataSource' has been autodetected for JMX exposure
21:49:49.618 INFO  [           main] o.s.j.e.a.AnnotationMBeanExporter - Located MBean 'dataSource': registering with JMX server as MBean [com.zaxxer.hikari:name=dataSource,type=HikariDataSource]
21:49:49.642 INFO  [           main] o.a.c.http11.Http11NioProtocol - Starting ProtocolHandler ["http-nio-8090"]
21:49:49.659 INFO  [           main] o.a.t.util.net.NioSelectorPool - Using a shared selector for servlet write/read
21:49:49.695 INFO  [           main] o.s.b.w.e.t.TomcatWebServer - Tomcat started on port(s): 8090 (http) with context path '/springboot'
21:49:49.702 INFO  [           main] c.t.SpringbootTestApplication - Started SpringbootTestApplication in 4.711 seconds (JVM running for 7.846)
21:50:00.636 INFO  [nio-8090-exec-1] o.a.c.c.C.[.[.[/springboot] - Initializing Spring FrameworkServlet 'dispatcherServlet'
21:50:00.636 INFO  [nio-8090-exec-1] o.s.w.s.DispatcherServlet - FrameworkServlet 'dispatcherServlet': initialization started
21:50:00.669 INFO  [nio-8090-exec-1] o.s.w.s.DispatcherServlet - FrameworkServlet 'dispatcherServlet': initialization completed in 33 ms
21:50:00.723 ERROR [nio-8090-exec-1] o.a.c.c.C.[.[.[.[dispatcherServlet] - Servlet.service() for servlet [dispatcherServlet] in context with path [/springboot] threw exception [Request processing failed; nested exception is org.apache.ibatis.binding.BindingException: Invalid bound statement (not found): com.testfan.dao.CaseSystemMapper.selectByExample] with root cause
org.apache.ibatis.binding.BindingException: Invalid bound statement (not found): com.testfan.dao.CaseSystemMapper.selectByExample
	at org.apache.ibatis.binding.MapperMethod$SqlCommand.<init>(MapperMethod.java:227)
	at org.apache.ibatis.binding.MapperMethod.<init>(MapperMethod.java:49)
	at org.apache.ibatis.binding.MapperProxy.cachedMapperMethod(MapperProxy.java:65)
	at org.apache.ibatis.binding.MapperProxy.invoke(MapperProxy.java:58)
	at com.sun.proxy.$Proxy64.selectByExample(Unknown Source)
	at com.testfan.HelloSpringboot.testdb(HelloSpringboot.java:106)
	at sun.reflect.NativeMethodAccessorImpl.invoke0(Native Method)
	at sun.reflect.NativeMethodAccessorImpl.invoke(NativeMethodAccessorImpl.java:62)
	at sun.reflect.DelegatingMethodAccessorImpl.invoke(DelegatingMethodAccessorImpl.java:43)
	at java.lang.reflect.Method.invoke(Method.java:498)
	at org.springframework.web.method.support.InvocableHandlerMethod.doInvoke(InvocableHandlerMethod.java:209)
	at org.springframework.web.method.support.InvocableHandlerMethod.invokeForRequest(InvocableHandlerMethod.java:136)
	at org.springframework.web.servlet.mvc.method.annotation.ServletInvocableHandlerMethod.invokeAndHandle(ServletInvocableHandlerMethod.java:102)
	at org.springframework.web.servlet.mvc.method.annotation.RequestMappingHandlerAdapter.invokeHandlerMethod(RequestMappingHandlerAdapter.java:877)
	at org.springframework.web.servlet.mvc.method.annotation.RequestMappingHandlerAdapter.handleInternal(RequestMappingHandlerAdapter.java:783)
	at org.springframework.web.servlet.mvc.method.AbstractHandlerMethodAdapter.handle(AbstractHandlerMethodAdapter.java:87)
	at org.springframework.web.servlet.DispatcherServlet.doDispatch(DispatcherServlet.java:991)
	at org.springframework.web.servlet.DispatcherServlet.doService(DispatcherServlet.java:925)
	at org.springframework.web.servlet.FrameworkServlet.processRequest(FrameworkServlet.java:974)
	at org.springframework.web.servlet.FrameworkServlet.doGet(FrameworkServlet.java:866)
	at javax.servlet.http.HttpServlet.service(HttpServlet.java:635)
	at org.springframework.web.servlet.FrameworkServlet.service(FrameworkServlet.java:851)
	at javax.servlet.http.HttpServlet.service(HttpServlet.java:742)
	at org.apache.catalina.core.ApplicationFilterChain.internalDoFilter(ApplicationFilterChain.java:231)
	at org.apache.catalina.core.ApplicationFilterChain.doFilter(ApplicationFilterChain.java:166)
	at org.apache.tomcat.websocket.server.WsFilter.doFilter(WsFilter.java:52)
	at org.apache.catalina.core.ApplicationFilterChain.internalDoFilter(ApplicationFilterChain.java:193)
	at org.apache.catalina.core.ApplicationFilterChain.doFilter(ApplicationFilterChain.java:166)
	at org.springframework.web.filter.RequestContextFilter.doFilterInternal(RequestContextFilter.java:99)
	at org.springframework.web.filter.OncePerRequestFilter.doFilter(OncePerRequestFilter.java:107)
	at org.apache.catalina.core.ApplicationFilterChain.internalDoFilter(ApplicationFilterChain.java:193)
	at org.apache.catalina.core.ApplicationFilterChain.doFilter(ApplicationFilterChain.java:166)
	at org.springframework.web.filter.HttpPutFormContentFilter.doFilterInternal(HttpPutFormContentFilter.java:109)
	at org.springframework.web.filter.OncePerRequestFilter.doFilter(OncePerRequestFilter.java:107)
	at org.apache.catalina.core.ApplicationFilterChain.internalDoFilter(ApplicationFilterChain.java:193)
	at org.apache.catalina.core.ApplicationFilterChain.doFilter(ApplicationFilterChain.java:166)
	at org.springframework.web.filter.HiddenHttpMethodFilter.doFilterInternal(HiddenHttpMethodFilter.java:93)
	at org.springframework.web.filter.OncePerRequestFilter.doFilter(OncePerRequestFilter.java:107)
	at org.apache.catalina.core.ApplicationFilterChain.internalDoFilter(ApplicationFilterChain.java:193)
	at org.apache.catalina.core.ApplicationFilterChain.doFilter(ApplicationFilterChain.java:166)
	at org.springframework.web.filter.CharacterEncodingFilter.doFilterInternal(CharacterEncodingFilter.java:200)
	at org.springframework.web.filter.OncePerRequestFilter.doFilter(OncePerRequestFilter.java:107)
	at org.apache.catalina.core.ApplicationFilterChain.internalDoFilter(ApplicationFilterChain.java:193)
	at org.apache.catalina.core.ApplicationFilterChain.doFilter(ApplicationFilterChain.java:166)
	at org.apache.catalina.core.StandardWrapperValve.invoke(StandardWrapperValve.java:198)
	at org.apache.catalina.core.StandardContextValve.invoke(StandardContextValve.java:96)
	at org.apache.catalina.authenticator.AuthenticatorBase.invoke(AuthenticatorBase.java:493)
	at org.apache.catalina.core.StandardHostValve.invoke(StandardHostValve.java:140)
	at org.apache.catalina.valves.ErrorReportValve.invoke(ErrorReportValve.java:81)
	at org.apache.catalina.core.StandardEngineValve.invoke(StandardEngineValve.java:87)
	at org.apache.catalina.connector.CoyoteAdapter.service(CoyoteAdapter.java:342)
	at org.apache.coyote.http11.Http11Processor.service(Http11Processor.java:800)
	at org.apache.coyote.AbstractProcessorLight.process(AbstractProcessorLight.java:66)
	at org.apache.coyote.AbstractProtocol$ConnectionHandler.process(AbstractProtocol.java:800)
	at org.apache.tomcat.util.net.NioEndpoint$SocketProcessor.doRun(NioEndpoint.java:1471)
	at org.apache.tomcat.util.net.SocketProcessorBase.run(SocketProcessorBase.java:49)
	at java.util.concurrent.ThreadPoolExecutor.runWorker(ThreadPoolExecutor.java:1149)
	at java.util.concurrent.ThreadPoolExecutor$Worker.run(ThreadPoolExecutor.java:624)
	at org.apache.tomcat.util.threads.TaskThread$WrappingRunnable.run(TaskThread.java:61)
	at java.lang.Thread.run(Thread.java:748)
21:53:25.370 ERROR [nio-8090-exec-3] o.a.c.c.C.[.[.[.[dispatcherServlet] - Servlet.service() for servlet [dispatcherServlet] in context with path [/springboot] threw exception [Request processing failed; nested exception is org.apache.ibatis.binding.BindingException: Invalid bound statement (not found): com.testfan.dao.CaseSystemMapper.selectByExample] with root cause
org.apache.ibatis.binding.BindingException: Invalid bound statement (not found): com.testfan.dao.CaseSystemMapper.selectByExample
	at org.apache.ibatis.binding.MapperMethod$SqlCommand.<init>(MapperMethod.java:227)
	at org.apache.ibatis.binding.MapperMethod.<init>(MapperMethod.java:49)
	at org.apache.ibatis.binding.MapperProxy.cachedMapperMethod(MapperProxy.java:65)
	at org.apache.ibatis.binding.MapperProxy.invoke(MapperProxy.java:58)
	at com.sun.proxy.$Proxy64.selectByExample(Unknown Source)
	at com.testfan.HelloSpringboot.testdb(HelloSpringboot.java:106)
	at sun.reflect.NativeMethodAccessorImpl.invoke0(Native Method)
	at sun.reflect.NativeMethodAccessorImpl.invoke(NativeMethodAccessorImpl.java:62)
	at sun.reflect.DelegatingMethodAccessorImpl.invoke(DelegatingMethodAccessorImpl.java:43)
	at java.lang.reflect.Method.invoke(Method.java:498)
	at org.springframework.web.method.support.InvocableHandlerMethod.doInvoke(InvocableHandlerMethod.java:209)
	at org.springframework.web.method.support.InvocableHandlerMethod.invokeForRequest(InvocableHandlerMethod.java:136)
	at org.springframework.web.servlet.mvc.method.annotation.ServletInvocableHandlerMethod.invokeAndHandle(ServletInvocableHandlerMethod.java:102)
	at org.springframework.web.servlet.mvc.method.annotation.RequestMappingHandlerAdapter.invokeHandlerMethod(RequestMappingHandlerAdapter.java:877)
	at org.springframework.web.servlet.mvc.method.annotation.RequestMappingHandlerAdapter.handleInternal(RequestMappingHandlerAdapter.java:783)
	at org.springframework.web.servlet.mvc.method.AbstractHandlerMethodAdapter.handle(AbstractHandlerMethodAdapter.java:87)
	at org.springframework.web.servlet.DispatcherServlet.doDispatch(DispatcherServlet.java:991)
	at org.springframework.web.servlet.DispatcherServlet.doService(DispatcherServlet.java:925)
	at org.springframework.web.servlet.FrameworkServlet.processRequest(FrameworkServlet.java:974)
	at org.springframework.web.servlet.FrameworkServlet.doGet(FrameworkServlet.java:866)
	at javax.servlet.http.HttpServlet.service(HttpServlet.java:635)
	at org.springframework.web.servlet.FrameworkServlet.service(FrameworkServlet.java:851)
	at javax.servlet.http.HttpServlet.service(HttpServlet.java:742)
	at org.apache.catalina.core.ApplicationFilterChain.internalDoFilter(ApplicationFilterChain.java:231)
	at org.apache.catalina.core.ApplicationFilterChain.doFilter(ApplicationFilterChain.java:166)
	at org.apache.tomcat.websocket.server.WsFilter.doFilter(WsFilter.java:52)
	at org.apache.catalina.core.ApplicationFilterChain.internalDoFilter(ApplicationFilterChain.java:193)
	at org.apache.catalina.core.ApplicationFilterChain.doFilter(ApplicationFilterChain.java:166)
	at org.springframework.web.filter.RequestContextFilter.doFilterInternal(RequestContextFilter.java:99)
	at org.springframework.web.filter.OncePerRequestFilter.doFilter(OncePerRequestFilter.java:107)
	at org.apache.catalina.core.ApplicationFilterChain.internalDoFilter(ApplicationFilterChain.java:193)
	at org.apache.catalina.core.ApplicationFilterChain.doFilter(ApplicationFilterChain.java:166)
	at org.springframework.web.filter.HttpPutFormContentFilter.doFilterInternal(HttpPutFormContentFilter.java:109)
	at org.springframework.web.filter.OncePerRequestFilter.doFilter(OncePerRequestFilter.java:107)
	at org.apache.catalina.core.ApplicationFilterChain.internalDoFilter(ApplicationFilterChain.java:193)
	at org.apache.catalina.core.ApplicationFilterChain.doFilter(ApplicationFilterChain.java:166)
	at org.springframework.web.filter.HiddenHttpMethodFilter.doFilterInternal(HiddenHttpMethodFilter.java:93)
	at org.springframework.web.filter.OncePerRequestFilter.doFilter(OncePerRequestFilter.java:107)
	at org.apache.catalina.core.ApplicationFilterChain.internalDoFilter(ApplicationFilterChain.java:193)
	at org.apache.catalina.core.ApplicationFilterChain.doFilter(ApplicationFilterChain.java:166)
	at org.springframework.web.filter.CharacterEncodingFilter.doFilterInternal(CharacterEncodingFilter.java:200)
	at org.springframework.web.filter.OncePerRequestFilter.doFilter(OncePerRequestFilter.java:107)
	at org.apache.catalina.core.ApplicationFilterChain.internalDoFilter(ApplicationFilterChain.java:193)
	at org.apache.catalina.core.ApplicationFilterChain.doFilter(ApplicationFilterChain.java:166)
	at org.apache.catalina.core.StandardWrapperValve.invoke(StandardWrapperValve.java:198)
	at org.apache.catalina.core.StandardContextValve.invoke(StandardContextValve.java:96)
	at org.apache.catalina.authenticator.AuthenticatorBase.invoke(AuthenticatorBase.java:493)
	at org.apache.catalina.core.StandardHostValve.invoke(StandardHostValve.java:140)
	at org.apache.catalina.valves.ErrorReportValve.invoke(ErrorReportValve.java:81)
	at org.apache.catalina.core.StandardEngineValve.invoke(StandardEngineValve.java:87)
	at org.apache.catalina.connector.CoyoteAdapter.service(CoyoteAdapter.java:342)
	at org.apache.coyote.http11.Http11Processor.service(Http11Processor.java:800)
	at org.apache.coyote.AbstractProcessorLight.process(AbstractProcessorLight.java:66)
	at org.apache.coyote.AbstractProtocol$ConnectionHandler.process(AbstractProtocol.java:800)
	at org.apache.tomcat.util.net.NioEndpoint$SocketProcessor.doRun(NioEndpoint.java:1471)
	at org.apache.tomcat.util.net.SocketProcessorBase.run(SocketProcessorBase.java:49)
	at java.util.concurrent.ThreadPoolExecutor.runWorker(ThreadPoolExecutor.java:1149)
	at java.util.concurrent.ThreadPoolExecutor$Worker.run(ThreadPoolExecutor.java:624)
	at org.apache.tomcat.util.threads.TaskThread$WrappingRunnable.run(TaskThread.java:61)
	at java.lang.Thread.run(Thread.java:748)
21:54:49.091 INFO  [           main] c.t.SpringbootTestApplication - Starting SpringbootTestApplication on WIN-1GF9INK28GB with PID 12072 (D:\ideaSpace2\springbootTest\target\classes started by Administrator in D:\ideaSpace2\springbootTest)
21:54:49.095 INFO  [           main] c.t.SpringbootTestApplication - No active profile set, falling back to default profiles: default
21:54:49.153 INFO  [           main] o.s.b.w.s.c.AnnotationConfigServletWebServerApplicationContext - Refreshing org.springframework.boot.web.servlet.context.AnnotationConfigServletWebServerApplicationContext@9353778: startup date [Mon Apr 13 21:54:49 CST 2020]; root of context hierarchy
21:54:50.790 INFO  [           main] o.s.b.w.e.t.TomcatWebServer - Tomcat initialized with port(s): 8090 (http)
21:54:50.804 INFO  [           main] o.a.c.http11.Http11NioProtocol - Initializing ProtocolHandler ["http-nio-8090"]
21:54:50.813 INFO  [           main] o.a.c.core.StandardService - Starting service [Tomcat]
21:54:50.813 INFO  [           main] o.a.c.core.StandardEngine - Starting Servlet Engine: Apache Tomcat/8.5.32
21:54:50.817 INFO  [ost-startStop-1] o.a.c.c.AprLifecycleListener - The APR based Apache Tomcat Native library which allows optimal performance in production environments was not found on the java.library.path: [C:\Program Files\Java\jdk1.8.0_221\bin;C:\Windows\Sun\Java\bin;C:\Windows\system32;C:\Windows;C:\Program Files (x86)\Common Files\NetSarang;C:\Program Files (x86)\Common Files\Oracle\Java\javapath;C:\Windows\system32;C:\Windows;C:\Windows\System32\Wbem;C:\Windows\System32\WindowsPowerShell\v1.0\;C:\Windows\System32\OpenSSH\;C:\Program Files\Java\jdk1.8.0_221\bin;D:\tools\apache-maven-3.3.9\bin;D:\tools\Android_SDK\build-tools\29.0.2;D:\tools\Android_SDK\platform-tools;D:\tools\Android_SDK\emulator;D:\tools\Android_SDK\tools;C:\Program Files\Java\jdk1.8.0_221\jre\bin;D:\gongjuList\gitClient\Git\cmd;F:\apache-ant-1.10.3\bin;C:\ProgramData\chocolatey\bin;D:\tools\Android_SDK\tools\bin;C:\Program Files (x86)\GnuWin32\bin;;D:\tools\Appium_All\worksoftware\nvm\v8.11.3;D:\tools\Appium_All\worksoftware\nvm\v10.16.3;D:\tools\Appium_All\nodejs\;D:\tools\python36\Scripts\;D:\tools\python36\;C:\Users\Administrator\.windows-build-tools\python27;C:\Users\Administrator\.windows-build-tools\python27\Scripts;D:\tools\securityTools\fiddler;D:\gongjuList\vsCode\Microsoft VS Code\bin;D:\gongjuList\allure\allure-2.12.1\bin;D:\gongjuList\JetBrains\IntelliJ IDEA 2019.3.1\bin;D:\tools\Appium_All\worksoftware\nvm;D:\tools\Appium_All\worksoftware\nvm\nodejs;D:\tools\Appium_All\worksoftware\nodejs\npm-global;C:\Users\Administrator\AppData\Roaming\npm;.]
21:54:51.034 INFO  [ost-startStop-1] o.a.jasper.servlet.TldScanner - At least one JAR was scanned for TLDs yet contained no TLDs. Enable debug logging for this logger for a complete list of JARs that were scanned but no TLDs were found in them. Skipping unneeded JARs during scanning can improve startup time and JSP compilation time.
21:54:51.039 INFO  [ost-startStop-1] o.a.c.c.C.[.[.[/springboot] - Initializing Spring embedded WebApplicationContext
21:54:51.039 INFO  [ost-startStop-1] o.s.web.context.ContextLoader - Root WebApplicationContext: initialization completed in 1886 ms
21:54:51.098 INFO  [ost-startStop-1] o.s.b.w.s.ServletRegistrationBean - Servlet dispatcherServlet mapped to [/]
21:54:51.103 INFO  [ost-startStop-1] o.s.b.w.s.FilterRegistrationBean - Mapping filter: 'characterEncodingFilter' to: [/*]
21:54:51.103 INFO  [ost-startStop-1] o.s.b.w.s.FilterRegistrationBean - Mapping filter: 'hiddenHttpMethodFilter' to: [/*]
21:54:51.103 INFO  [ost-startStop-1] o.s.b.w.s.FilterRegistrationBean - Mapping filter: 'httpPutFormContentFilter' to: [/*]
21:54:51.103 INFO  [ost-startStop-1] o.s.b.w.s.FilterRegistrationBean - Mapping filter: 'requestContextFilter' to: [/*]
21:54:51.527 INFO  [           main] o.s.w.s.h.SimpleUrlHandlerMapping - Mapped URL path [/**/favicon.ico] onto handler of type [class org.springframework.web.servlet.resource.ResourceHttpRequestHandler]
21:54:51.692 INFO  [           main] o.s.w.s.m.m.a.RequestMappingHandlerAdapter - Looking for @ControllerAdvice: org.springframework.boot.web.servlet.context.AnnotationConfigServletWebServerApplicationContext@9353778: startup date [Mon Apr 13 21:54:49 CST 2020]; root of context hierarchy
21:54:51.812 INFO  [           main] o.s.w.s.m.m.a.RequestMappingHandlerMapping - Mapped "{[/hello/map]}" onto public java.util.Map<java.lang.String, java.lang.Object> com.testfan.HelloSpringboot.getALL()
21:54:51.814 INFO  [           main] o.s.w.s.m.m.a.RequestMappingHandlerMapping - Mapped "{[/hello/mvc],methods=[GET]}" onto public java.lang.String com.testfan.HelloSpringboot.HelloWorld(org.springframework.ui.Model)
21:54:51.814 INFO  [           main] o.s.w.s.m.m.a.RequestMappingHandlerMapping - Mapped "{[/hello/upload],methods=[GET]}" onto public java.lang.String com.testfan.HelloSpringboot.showUploadPage()
21:54:51.815 INFO  [           main] o.s.w.s.m.m.a.RequestMappingHandlerMapping - Mapped "{[/hello/testdb],methods=[GET]}" onto public java.util.List<com.testfan.model.CaseSystem> com.testfan.HelloSpringboot.testdb()
21:54:51.815 INFO  [           main] o.s.w.s.m.m.a.RequestMappingHandlerMapping - Mapped "{[/hello/testpage],methods=[GET]}" onto public java.lang.Object com.testfan.HelloSpringboot.testpage()
21:54:51.815 INFO  [           main] o.s.w.s.m.m.a.RequestMappingHandlerMapping - Mapped "{[/hello/doUpload],methods=[POST]}" onto public java.lang.String com.testfan.HelloSpringboot.doUploadFile(org.springframework.web.multipart.MultipartFile)
21:54:51.818 INFO  [           main] o.s.w.s.m.m.a.RequestMappingHandlerMapping - Mapped "{[/error]}" onto public org.springframework.http.ResponseEntity<java.util.Map<java.lang.String, java.lang.Object>> org.springframework.boot.autoconfigure.web.servlet.error.BasicErrorController.error(javax.servlet.http.HttpServletRequest)
21:54:51.818 INFO  [           main] o.s.w.s.m.m.a.RequestMappingHandlerMapping - Mapped "{[/error],produces=[text/html]}" onto public org.springframework.web.servlet.ModelAndView org.springframework.boot.autoconfigure.web.servlet.error.BasicErrorController.errorHtml(javax.servlet.http.HttpServletRequest,javax.servlet.http.HttpServletResponse)
21:54:51.842 INFO  [           main] o.s.w.s.h.SimpleUrlHandlerMapping - Mapped URL path [/webjars/**] onto handler of type [class org.springframework.web.servlet.resource.ResourceHttpRequestHandler]
21:54:51.842 INFO  [           main] o.s.w.s.h.SimpleUrlHandlerMapping - Mapped URL path [/**] onto handler of type [class org.springframework.web.servlet.resource.ResourceHttpRequestHandler]
21:54:52.057 INFO  [           main] o.s.j.e.a.AnnotationMBeanExporter - Registering beans for JMX exposure on startup
21:54:52.059 INFO  [           main] o.s.j.e.a.AnnotationMBeanExporter - Bean with name 'dataSource' has been autodetected for JMX exposure
21:54:52.063 INFO  [           main] o.s.j.e.a.AnnotationMBeanExporter - Located MBean 'dataSource': registering with JMX server as MBean [com.zaxxer.hikari:name=dataSource,type=HikariDataSource]
21:54:52.076 INFO  [           main] o.a.c.http11.Http11NioProtocol - Starting ProtocolHandler ["http-nio-8090"]
21:54:52.087 INFO  [           main] o.a.t.util.net.NioSelectorPool - Using a shared selector for servlet write/read
21:54:52.106 INFO  [           main] o.s.b.w.e.t.TomcatWebServer - Tomcat started on port(s): 8090 (http) with context path '/springboot'
21:54:52.110 INFO  [           main] c.t.SpringbootTestApplication - Started SpringbootTestApplication in 3.38 seconds (JVM running for 5.331)
21:55:04.094 INFO  [nio-8090-exec-1] o.a.c.c.C.[.[.[/springboot] - Initializing Spring FrameworkServlet 'dispatcherServlet'
21:55:04.094 INFO  [nio-8090-exec-1] o.s.w.s.DispatcherServlet - FrameworkServlet 'dispatcherServlet': initialization started
21:55:04.130 INFO  [nio-8090-exec-1] o.s.w.s.DispatcherServlet - FrameworkServlet 'dispatcherServlet': initialization completed in 36 ms
21:55:04.228 INFO  [nio-8090-exec-1] c.z.hikari.HikariDataSource - HikariPool-1 - Starting...
21:55:04.863 INFO  [nio-8090-exec-1] c.z.hikari.HikariDataSource - HikariPool-1 - Start completed.
21:57:31.725 INFO  [           main] c.t.SpringbootTestApplication - Starting SpringbootTestApplication on WIN-1GF9INK28GB with PID 5148 (D:\ideaSpace2\springbootTest\target\classes started by Administrator in D:\ideaSpace2\springbootTest)
21:57:31.729 INFO  [           main] c.t.SpringbootTestApplication - No active profile set, falling back to default profiles: default
21:57:31.792 INFO  [           main] o.s.b.w.s.c.AnnotationConfigServletWebServerApplicationContext - Refreshing org.springframework.boot.web.servlet.context.AnnotationConfigServletWebServerApplicationContext@6a400542: startup date [Mon Apr 13 21:57:31 CST 2020]; root of context hierarchy
21:57:33.407 INFO  [           main] o.s.b.w.e.t.TomcatWebServer - Tomcat initialized with port(s): 8090 (http)
21:57:33.421 INFO  [           main] o.a.c.http11.Http11NioProtocol - Initializing ProtocolHandler ["http-nio-8090"]
21:57:33.430 INFO  [           main] o.a.c.core.StandardService - Starting service [Tomcat]
21:57:33.430 INFO  [           main] o.a.c.core.StandardEngine - Starting Servlet Engine: Apache Tomcat/8.5.32
21:57:33.434 INFO  [ost-startStop-1] o.a.c.c.AprLifecycleListener - The APR based Apache Tomcat Native library which allows optimal performance in production environments was not found on the java.library.path: [C:\Program Files\Java\jdk1.8.0_221\bin;C:\Windows\Sun\Java\bin;C:\Windows\system32;C:\Windows;C:\Program Files (x86)\Common Files\NetSarang;C:\Program Files (x86)\Common Files\Oracle\Java\javapath;C:\Windows\system32;C:\Windows;C:\Windows\System32\Wbem;C:\Windows\System32\WindowsPowerShell\v1.0\;C:\Windows\System32\OpenSSH\;C:\Program Files\Java\jdk1.8.0_221\bin;D:\tools\apache-maven-3.3.9\bin;D:\tools\Android_SDK\build-tools\29.0.2;D:\tools\Android_SDK\platform-tools;D:\tools\Android_SDK\emulator;D:\tools\Android_SDK\tools;C:\Program Files\Java\jdk1.8.0_221\jre\bin;D:\gongjuList\gitClient\Git\cmd;F:\apache-ant-1.10.3\bin;C:\ProgramData\chocolatey\bin;D:\tools\Android_SDK\tools\bin;C:\Program Files (x86)\GnuWin32\bin;;D:\tools\Appium_All\worksoftware\nvm\v8.11.3;D:\tools\Appium_All\worksoftware\nvm\v10.16.3;D:\tools\Appium_All\nodejs\;D:\tools\python36\Scripts\;D:\tools\python36\;C:\Users\Administrator\.windows-build-tools\python27;C:\Users\Administrator\.windows-build-tools\python27\Scripts;D:\tools\securityTools\fiddler;D:\gongjuList\vsCode\Microsoft VS Code\bin;D:\gongjuList\allure\allure-2.12.1\bin;D:\gongjuList\JetBrains\IntelliJ IDEA 2019.3.1\bin;D:\tools\Appium_All\worksoftware\nvm;D:\tools\Appium_All\worksoftware\nvm\nodejs;D:\tools\Appium_All\worksoftware\nodejs\npm-global;C:\Users\Administrator\AppData\Roaming\npm;.]
21:57:33.661 INFO  [ost-startStop-1] o.a.jasper.servlet.TldScanner - At least one JAR was scanned for TLDs yet contained no TLDs. Enable debug logging for this logger for a complete list of JARs that were scanned but no TLDs were found in them. Skipping unneeded JARs during scanning can improve startup time and JSP compilation time.
21:57:33.666 INFO  [ost-startStop-1] o.a.c.c.C.[.[.[/springboot] - Initializing Spring embedded WebApplicationContext
21:57:33.667 INFO  [ost-startStop-1] o.s.web.context.ContextLoader - Root WebApplicationContext: initialization completed in 1875 ms
21:57:33.726 INFO  [ost-startStop-1] o.s.b.w.s.ServletRegistrationBean - Servlet dispatcherServlet mapped to [/]
21:57:33.730 INFO  [ost-startStop-1] o.s.b.w.s.FilterRegistrationBean - Mapping filter: 'characterEncodingFilter' to: [/*]
21:57:33.730 INFO  [ost-startStop-1] o.s.b.w.s.FilterRegistrationBean - Mapping filter: 'hiddenHttpMethodFilter' to: [/*]
21:57:33.730 INFO  [ost-startStop-1] o.s.b.w.s.FilterRegistrationBean - Mapping filter: 'httpPutFormContentFilter' to: [/*]
21:57:33.730 INFO  [ost-startStop-1] o.s.b.w.s.FilterRegistrationBean - Mapping filter: 'requestContextFilter' to: [/*]
21:57:34.156 INFO  [           main] o.s.w.s.h.SimpleUrlHandlerMapping - Mapped URL path [/**/favicon.ico] onto handler of type [class org.springframework.web.servlet.resource.ResourceHttpRequestHandler]
21:57:34.317 INFO  [           main] o.s.w.s.m.m.a.RequestMappingHandlerAdapter - Looking for @ControllerAdvice: org.springframework.boot.web.servlet.context.AnnotationConfigServletWebServerApplicationContext@6a400542: startup date [Mon Apr 13 21:57:31 CST 2020]; root of context hierarchy
21:57:34.432 INFO  [           main] o.s.w.s.m.m.a.RequestMappingHandlerMapping - Mapped "{[/hello/upload],methods=[GET]}" onto public java.lang.String com.testfan.HelloSpringboot.showUploadPage()
21:57:34.434 INFO  [           main] o.s.w.s.m.m.a.RequestMappingHandlerMapping - Mapped "{[/hello/doUpload],methods=[POST]}" onto public java.lang.String com.testfan.HelloSpringboot.doUploadFile(org.springframework.web.multipart.MultipartFile)
21:57:34.434 INFO  [           main] o.s.w.s.m.m.a.RequestMappingHandlerMapping - Mapped "{[/hello/testpage],methods=[GET]}" onto public java.lang.Object com.testfan.HelloSpringboot.testpage()
21:57:34.435 INFO  [           main] o.s.w.s.m.m.a.RequestMappingHandlerMapping - Mapped "{[/hello/map]}" onto public java.util.Map<java.lang.String, java.lang.Object> com.testfan.HelloSpringboot.getALL()
21:57:34.435 INFO  [           main] o.s.w.s.m.m.a.RequestMappingHandlerMapping - Mapped "{[/hello/mvc],methods=[GET]}" onto public java.lang.String com.testfan.HelloSpringboot.HelloWorld(org.springframework.ui.Model)
21:57:34.435 INFO  [           main] o.s.w.s.m.m.a.RequestMappingHandlerMapping - Mapped "{[/hello/testdb],methods=[GET]}" onto public java.util.List<com.testfan.model.CaseSystem> com.testfan.HelloSpringboot.testdb()
21:57:34.438 INFO  [           main] o.s.w.s.m.m.a.RequestMappingHandlerMapping - Mapped "{[/error]}" onto public org.springframework.http.ResponseEntity<java.util.Map<java.lang.String, java.lang.Object>> org.springframework.boot.autoconfigure.web.servlet.error.BasicErrorController.error(javax.servlet.http.HttpServletRequest)
21:57:34.439 INFO  [           main] o.s.w.s.m.m.a.RequestMappingHandlerMapping - Mapped "{[/error],produces=[text/html]}" onto public org.springframework.web.servlet.ModelAndView org.springframework.boot.autoconfigure.web.servlet.error.BasicErrorController.errorHtml(javax.servlet.http.HttpServletRequest,javax.servlet.http.HttpServletResponse)
21:57:34.465 INFO  [           main] o.s.w.s.h.SimpleUrlHandlerMapping - Mapped URL path [/webjars/**] onto handler of type [class org.springframework.web.servlet.resource.ResourceHttpRequestHandler]
21:57:34.466 INFO  [           main] o.s.w.s.h.SimpleUrlHandlerMapping - Mapped URL path [/**] onto handler of type [class org.springframework.web.servlet.resource.ResourceHttpRequestHandler]
21:57:34.681 INFO  [           main] o.s.j.e.a.AnnotationMBeanExporter - Registering beans for JMX exposure on startup
21:57:34.683 INFO  [           main] o.s.j.e.a.AnnotationMBeanExporter - Bean with name 'dataSource' has been autodetected for JMX exposure
21:57:34.687 INFO  [           main] o.s.j.e.a.AnnotationMBeanExporter - Located MBean 'dataSource': registering with JMX server as MBean [com.zaxxer.hikari:name=dataSource,type=HikariDataSource]
21:57:34.701 INFO  [           main] o.a.c.http11.Http11NioProtocol - Starting ProtocolHandler ["http-nio-8090"]
21:57:34.711 INFO  [           main] o.a.t.util.net.NioSelectorPool - Using a shared selector for servlet write/read
21:57:34.731 INFO  [           main] o.s.b.w.e.t.TomcatWebServer - Tomcat started on port(s): 8090 (http) with context path '/springboot'
21:57:34.734 INFO  [           main] c.t.SpringbootTestApplication - Started SpringbootTestApplication in 3.357 seconds (JVM running for 7.021)
21:57:39.939 INFO  [nio-8090-exec-1] o.a.c.c.C.[.[.[/springboot] - Initializing Spring FrameworkServlet 'dispatcherServlet'
21:57:39.939 INFO  [nio-8090-exec-1] o.s.w.s.DispatcherServlet - FrameworkServlet 'dispatcherServlet': initialization started
21:57:39.970 INFO  [nio-8090-exec-1] o.s.w.s.DispatcherServlet - FrameworkServlet 'dispatcherServlet': initialization completed in 30 ms
21:57:40.059 INFO  [nio-8090-exec-1] c.z.hikari.HikariDataSource - HikariPool-1 - Starting...
21:57:40.632 INFO  [nio-8090-exec-1] c.z.hikari.HikariDataSource - HikariPool-1 - Start completed.
