00:04:31.941 INFO  [           main] c.t.SpringbootTestApplication - Starting SpringbootTestApplication on WIN-1GF9INK28GB with PID 15952 (D:\ideaSpace2\springbootTest\target\classes started by Administrator in D:\ideaSpace2\springbootTest)
00:04:31.944 INFO  [           main] c.t.SpringbootTestApplication - No active profile set, falling back to default profiles: default
00:04:32.023 INFO  [           main] o.s.b.w.s.c.AnnotationConfigServletWebServerApplicationContext - Refreshing org.springframework.boot.web.servlet.context.AnnotationConfigServletWebServerApplicationContext@41fbdac4: startup date [Fri Apr 10 00:04:32 CST 2020]; root of context hierarchy
00:04:33.730 INFO  [           main] o.s.b.w.e.t.TomcatWebServer - Tomcat initialized with port(s): 8090 (http)
00:04:33.745 INFO  [           main] o.a.c.http11.Http11NioProtocol - Initializing ProtocolHandler ["http-nio-8090"]
00:04:33.755 INFO  [           main] o.a.c.core.StandardService - Starting service [Tomcat]
00:04:33.755 INFO  [           main] o.a.c.core.StandardEngine - Starting Servlet Engine: Apache Tomcat/8.5.32
00:04:33.761 INFO  [ost-startStop-1] o.a.c.c.AprLifecycleListener - The APR based Apache Tomcat Native library which allows optimal performance in production environments was not found on the java.library.path: [C:\Program Files\Java\jdk1.8.0_221\bin;C:\Windows\Sun\Java\bin;C:\Windows\system32;C:\Windows;C:\Program Files (x86)\Common Files\NetSarang;C:\Program Files (x86)\Common Files\Oracle\Java\javapath;C:\Windows\system32;C:\Windows;C:\Windows\System32\Wbem;C:\Windows\System32\WindowsPowerShell\v1.0\;C:\Windows\System32\OpenSSH\;C:\Program Files\Java\jdk1.8.0_221\bin;D:\tools\apache-maven-3.3.9\bin;D:\tools\Android_SDK\build-tools\29.0.2;D:\tools\Android_SDK\platform-tools;D:\tools\Android_SDK\emulator;D:\tools\Android_SDK\tools;C:\Program Files\Java\jdk1.8.0_221\jre\bin;D:\gongjuList\gitClient\Git\cmd;F:\apache-ant-1.10.3\bin;C:\ProgramData\chocolatey\bin;D:\tools\Android_SDK\tools\bin;C:\Program Files (x86)\GnuWin32\bin;;D:\tools\Appium_All\worksoftware\nvm\v8.11.3;D:\tools\Appium_All\worksoftware\nvm\v10.16.3;D:\tools\Appium_All\nodejs\;D:\tools\python36\Scripts\;D:\tools\python36\;C:\Users\Administrator\.windows-build-tools\python27;C:\Users\Administrator\.windows-build-tools\python27\Scripts;D:\tools\securityTools\fiddler;D:\gongjuList\vsCode\Microsoft VS Code\bin;D:\gongjuList\allure\allure-2.12.1\bin;D:\gongjuList\JetBrains\IntelliJ IDEA 2019.3.1\bin;D:\tools\Appium_All\worksoftware\nvm;D:\tools\Appium_All\worksoftware\nvm\nodejs;D:\tools\Appium_All\worksoftware\nodejs\npm-global;C:\Users\Administrator\AppData\Roaming\npm;.]
00:04:34.007 INFO  [ost-startStop-1] o.a.jasper.servlet.TldScanner - At least one JAR was scanned for TLDs yet contained no TLDs. Enable debug logging for this logger for a complete list of JARs that were scanned but no TLDs were found in them. Skipping unneeded JARs during scanning can improve startup time and JSP compilation time.
00:04:34.011 INFO  [ost-startStop-1] o.a.c.c.C.[.[.[/springboot] - Initializing Spring embedded WebApplicationContext
00:04:34.011 INFO  [ost-startStop-1] o.s.web.context.ContextLoader - Root WebApplicationContext: initialization completed in 1988 ms
00:04:34.069 INFO  [ost-startStop-1] o.s.b.w.s.ServletRegistrationBean - Servlet dispatcherServlet mapped to [/]
00:04:34.073 INFO  [ost-startStop-1] o.s.b.w.s.FilterRegistrationBean - Mapping filter: 'characterEncodingFilter' to: [/*]
00:04:34.074 INFO  [ost-startStop-1] o.s.b.w.s.FilterRegistrationBean - Mapping filter: 'hiddenHttpMethodFilter' to: [/*]
00:04:34.074 INFO  [ost-startStop-1] o.s.b.w.s.FilterRegistrationBean - Mapping filter: 'httpPutFormContentFilter' to: [/*]
00:04:34.074 INFO  [ost-startStop-1] o.s.b.w.s.FilterRegistrationBean - Mapping filter: 'requestContextFilter' to: [/*]
00:04:34.547 INFO  [           main] o.s.w.s.h.SimpleUrlHandlerMapping - Mapped URL path [/**/favicon.ico] onto handler of type [class org.springframework.web.servlet.resource.ResourceHttpRequestHandler]
00:04:35.204 INFO  [           main] o.s.w.s.m.m.a.RequestMappingHandlerAdapter - Looking for @ControllerAdvice: org.springframework.boot.web.servlet.context.AnnotationConfigServletWebServerApplicationContext@41fbdac4: startup date [Fri Apr 10 00:04:32 CST 2020]; root of context hierarchy
00:04:35.299 INFO  [           main] o.s.w.s.m.m.a.RequestMappingHandlerMapping - Mapped "{[/hello/doUpload],methods=[POST]}" onto public java.lang.String com.testfan.HelloSpringboot.doUploadFile(org.springframework.web.multipart.MultipartFile)
00:04:35.301 INFO  [           main] o.s.w.s.m.m.a.RequestMappingHandlerMapping - Mapped "{[/hello/testdb],methods=[GET]}" onto public java.util.List<com.testfan.model.CaseSystem> com.testfan.HelloSpringboot.testdb()
00:04:35.303 INFO  [           main] o.s.w.s.m.m.a.RequestMappingHandlerMapping - Mapped "{[/hello/map]}" onto public java.util.Map<java.lang.String, java.lang.Object> com.testfan.HelloSpringboot.getALL()
00:04:35.304 INFO  [           main] o.s.w.s.m.m.a.RequestMappingHandlerMapping - Mapped "{[/hello/mvc],methods=[GET]}" onto public java.lang.String com.testfan.HelloSpringboot.HelloWorld(org.springframework.ui.Model)
00:04:35.304 INFO  [           main] o.s.w.s.m.m.a.RequestMappingHandlerMapping - Mapped "{[/hello/testpage],methods=[GET]}" onto public java.lang.Object com.testfan.HelloSpringboot.testpage()
00:04:35.305 INFO  [           main] o.s.w.s.m.m.a.RequestMappingHandlerMapping - Mapped "{[/hello/upload],methods=[GET]}" onto public java.lang.String com.testfan.HelloSpringboot.showUploadPage()
00:04:35.314 INFO  [           main] o.s.w.s.m.m.a.RequestMappingHandlerMapping - Mapped "{[/error]}" onto public org.springframework.http.ResponseEntity<java.util.Map<java.lang.String, java.lang.Object>> org.springframework.boot.autoconfigure.web.servlet.error.BasicErrorController.error(javax.servlet.http.HttpServletRequest)
00:04:35.315 INFO  [           main] o.s.w.s.m.m.a.RequestMappingHandlerMapping - Mapped "{[/error],produces=[text/html]}" onto public org.springframework.web.servlet.ModelAndView org.springframework.boot.autoconfigure.web.servlet.error.BasicErrorController.errorHtml(javax.servlet.http.HttpServletRequest,javax.servlet.http.HttpServletResponse)
00:04:35.377 INFO  [           main] o.s.w.s.h.SimpleUrlHandlerMapping - Mapped URL path [/webjars/**] onto handler of type [class org.springframework.web.servlet.resource.ResourceHttpRequestHandler]
00:04:35.378 INFO  [           main] o.s.w.s.h.SimpleUrlHandlerMapping - Mapped URL path [/**] onto handler of type [class org.springframework.web.servlet.resource.ResourceHttpRequestHandler]
00:04:36.118 INFO  [           main] o.s.j.e.a.AnnotationMBeanExporter - Registering beans for JMX exposure on startup
00:04:36.122 INFO  [           main] o.s.j.e.a.AnnotationMBeanExporter - Bean with name 'dataSource' has been autodetected for JMX exposure
00:04:36.133 INFO  [           main] o.s.j.e.a.AnnotationMBeanExporter - Located MBean 'dataSource': registering with JMX server as MBean [com.zaxxer.hikari:name=dataSource,type=HikariDataSource]
00:04:36.163 INFO  [           main] o.a.c.http11.Http11NioProtocol - Starting ProtocolHandler ["http-nio-8090"]
00:04:36.186 INFO  [           main] o.a.t.util.net.NioSelectorPool - Using a shared selector for servlet write/read
00:04:36.229 INFO  [           main] o.s.b.w.e.t.TomcatWebServer - Tomcat started on port(s): 8090 (http) with context path '/springboot'
00:04:36.237 INFO  [           main] c.t.SpringbootTestApplication - Started SpringbootTestApplication in 4.686 seconds (JVM running for 8.113)
00:04:52.268 INFO  [nio-8090-exec-1] o.a.c.c.C.[.[.[/springboot] - Initializing Spring FrameworkServlet 'dispatcherServlet'
00:04:52.269 INFO  [nio-8090-exec-1] o.s.w.s.DispatcherServlet - FrameworkServlet 'dispatcherServlet': initialization started
00:04:52.302 INFO  [nio-8090-exec-1] o.s.w.s.DispatcherServlet - FrameworkServlet 'dispatcherServlet': initialization completed in 33 ms
00:04:52.360 ERROR [nio-8090-exec-1] o.a.c.c.C.[.[.[.[dispatcherServlet] - Servlet.service() for servlet [dispatcherServlet] in context with path [/springboot] threw exception [Request processing failed; nested exception is org.apache.ibatis.binding.BindingException: Invalid bound statement (not found): com.testfan.dao.CaseSystemMapper.selectByExample] with root cause
org.apache.ibatis.binding.BindingException: Invalid bound statement (not found): com.testfan.dao.CaseSystemMapper.selectByExample
	at org.apache.ibatis.binding.MapperMethod$SqlCommand.<init>(MapperMethod.java:227)
	at org.apache.ibatis.binding.MapperMethod.<init>(MapperMethod.java:49)
	at org.apache.ibatis.binding.MapperProxy.cachedMapperMethod(MapperProxy.java:65)
	at org.apache.ibatis.binding.MapperProxy.invoke(MapperProxy.java:58)
	at com.sun.proxy.$Proxy63.selectByExample(Unknown Source)
	at com.testfan.HelloSpringboot.testdb(HelloSpringboot.java:106)
	at sun.reflect.NativeMethodAccessorImpl.invoke0(Native Method)
	at sun.reflect.NativeMethodAccessorImpl.invoke(NativeMethodAccessorImpl.java:62)
	at sun.reflect.DelegatingMethodAccessorImpl.invoke(DelegatingMethodAccessorImpl.java:43)
	at java.lang.reflect.Method.invoke(Method.java:498)
	at org.springframework.web.method.support.InvocableHandlerMethod.doInvoke(InvocableHandlerMethod.java:209)
	at org.springframework.web.method.support.InvocableHandlerMethod.invokeForRequest(InvocableHandlerMethod.java:136)
	at org.springframework.web.servlet.mvc.method.annotation.ServletInvocableHandlerMethod.invokeAndHandle(ServletInvocableHandlerMethod.java:102)
	at org.springframework.web.servlet.mvc.method.annotation.RequestMappingHandlerAdapter.invokeHandlerMethod(RequestMappingHandlerAdapter.java:877)
	at org.springframework.web.servlet.mvc.method.annotation.RequestMappingHandlerAdapter.handleInternal(RequestMappingHandlerAdapter.java:783)
	at org.springframework.web.servlet.mvc.method.AbstractHandlerMethodAdapter.handle(AbstractHandlerMethodAdapter.java:87)
	at org.springframework.web.servlet.DispatcherServlet.doDispatch(DispatcherServlet.java:991)
	at org.springframework.web.servlet.DispatcherServlet.doService(DispatcherServlet.java:925)
	at org.springframework.web.servlet.FrameworkServlet.processRequest(FrameworkServlet.java:974)
	at org.springframework.web.servlet.FrameworkServlet.doGet(FrameworkServlet.java:866)
	at javax.servlet.http.HttpServlet.service(HttpServlet.java:635)
	at org.springframework.web.servlet.FrameworkServlet.service(FrameworkServlet.java:851)
	at javax.servlet.http.HttpServlet.service(HttpServlet.java:742)
	at org.apache.catalina.core.ApplicationFilterChain.internalDoFilter(ApplicationFilterChain.java:231)
	at org.apache.catalina.core.ApplicationFilterChain.doFilter(ApplicationFilterChain.java:166)
	at org.apache.tomcat.websocket.server.WsFilter.doFilter(WsFilter.java:52)
	at org.apache.catalina.core.ApplicationFilterChain.internalDoFilter(ApplicationFilterChain.java:193)
	at org.apache.catalina.core.ApplicationFilterChain.doFilter(ApplicationFilterChain.java:166)
	at org.springframework.web.filter.RequestContextFilter.doFilterInternal(RequestContextFilter.java:99)
	at org.springframework.web.filter.OncePerRequestFilter.doFilter(OncePerRequestFilter.java:107)
	at org.apache.catalina.core.ApplicationFilterChain.internalDoFilter(ApplicationFilterChain.java:193)
	at org.apache.catalina.core.ApplicationFilterChain.doFilter(ApplicationFilterChain.java:166)
	at org.springframework.web.filter.HttpPutFormContentFilter.doFilterInternal(HttpPutFormContentFilter.java:109)
	at org.springframework.web.filter.OncePerRequestFilter.doFilter(OncePerRequestFilter.java:107)
	at org.apache.catalina.core.ApplicationFilterChain.internalDoFilter(ApplicationFilterChain.java:193)
	at org.apache.catalina.core.ApplicationFilterChain.doFilter(ApplicationFilterChain.java:166)
	at org.springframework.web.filter.HiddenHttpMethodFilter.doFilterInternal(HiddenHttpMethodFilter.java:93)
	at org.springframework.web.filter.OncePerRequestFilter.doFilter(OncePerRequestFilter.java:107)
	at org.apache.catalina.core.ApplicationFilterChain.internalDoFilter(ApplicationFilterChain.java:193)
	at org.apache.catalina.core.ApplicationFilterChain.doFilter(ApplicationFilterChain.java:166)
	at org.springframework.web.filter.CharacterEncodingFilter.doFilterInternal(CharacterEncodingFilter.java:200)
	at org.springframework.web.filter.OncePerRequestFilter.doFilter(OncePerRequestFilter.java:107)
	at org.apache.catalina.core.ApplicationFilterChain.internalDoFilter(ApplicationFilterChain.java:193)
	at org.apache.catalina.core.ApplicationFilterChain.doFilter(ApplicationFilterChain.java:166)
	at org.apache.catalina.core.StandardWrapperValve.invoke(StandardWrapperValve.java:198)
	at org.apache.catalina.core.StandardContextValve.invoke(StandardContextValve.java:96)
	at org.apache.catalina.authenticator.AuthenticatorBase.invoke(AuthenticatorBase.java:493)
	at org.apache.catalina.core.StandardHostValve.invoke(StandardHostValve.java:140)
	at org.apache.catalina.valves.ErrorReportValve.invoke(ErrorReportValve.java:81)
	at org.apache.catalina.core.StandardEngineValve.invoke(StandardEngineValve.java:87)
	at org.apache.catalina.connector.CoyoteAdapter.service(CoyoteAdapter.java:342)
	at org.apache.coyote.http11.Http11Processor.service(Http11Processor.java:800)
	at org.apache.coyote.AbstractProcessorLight.process(AbstractProcessorLight.java:66)
	at org.apache.coyote.AbstractProtocol$ConnectionHandler.process(AbstractProtocol.java:800)
	at org.apache.tomcat.util.net.NioEndpoint$SocketProcessor.doRun(NioEndpoint.java:1471)
	at org.apache.tomcat.util.net.SocketProcessorBase.run(SocketProcessorBase.java:49)
	at java.util.concurrent.ThreadPoolExecutor.runWorker(ThreadPoolExecutor.java:1149)
	at java.util.concurrent.ThreadPoolExecutor$Worker.run(ThreadPoolExecutor.java:624)
	at org.apache.tomcat.util.threads.TaskThread$WrappingRunnable.run(TaskThread.java:61)
	at java.lang.Thread.run(Thread.java:748)
00:07:52.829 INFO  [           main] c.t.SpringbootTestApplication - Starting SpringbootTestApplication on WIN-1GF9INK28GB with PID 8108 (D:\ideaSpace2\springbootTest\target\classes started by Administrator in D:\ideaSpace2\springbootTest)
00:07:52.831 INFO  [           main] c.t.SpringbootTestApplication - No active profile set, falling back to default profiles: default
00:07:52.880 INFO  [           main] o.s.b.w.s.c.AnnotationConfigServletWebServerApplicationContext - Refreshing org.springframework.boot.web.servlet.context.AnnotationConfigServletWebServerApplicationContext@21de60b4: startup date [Fri Apr 10 00:07:52 CST 2020]; root of context hierarchy
00:07:54.169 INFO  [           main] o.s.b.w.e.t.TomcatWebServer - Tomcat initialized with port(s): 8090 (http)
00:07:54.183 INFO  [           main] o.a.c.http11.Http11NioProtocol - Initializing ProtocolHandler ["http-nio-8090"]
00:07:54.193 INFO  [           main] o.a.c.core.StandardService - Starting service [Tomcat]
00:07:54.193 INFO  [           main] o.a.c.core.StandardEngine - Starting Servlet Engine: Apache Tomcat/8.5.32
00:07:54.198 INFO  [ost-startStop-1] o.a.c.c.AprLifecycleListener - The APR based Apache Tomcat Native library which allows optimal performance in production environments was not found on the java.library.path: [C:\Program Files\Java\jdk1.8.0_221\bin;C:\Windows\Sun\Java\bin;C:\Windows\system32;C:\Windows;C:\Program Files (x86)\Common Files\NetSarang;C:\Program Files (x86)\Common Files\Oracle\Java\javapath;C:\Windows\system32;C:\Windows;C:\Windows\System32\Wbem;C:\Windows\System32\WindowsPowerShell\v1.0\;C:\Windows\System32\OpenSSH\;C:\Program Files\Java\jdk1.8.0_221\bin;D:\tools\apache-maven-3.3.9\bin;D:\tools\Android_SDK\build-tools\29.0.2;D:\tools\Android_SDK\platform-tools;D:\tools\Android_SDK\emulator;D:\tools\Android_SDK\tools;C:\Program Files\Java\jdk1.8.0_221\jre\bin;D:\gongjuList\gitClient\Git\cmd;F:\apache-ant-1.10.3\bin;C:\ProgramData\chocolatey\bin;D:\tools\Android_SDK\tools\bin;C:\Program Files (x86)\GnuWin32\bin;;D:\tools\Appium_All\worksoftware\nvm\v8.11.3;D:\tools\Appium_All\worksoftware\nvm\v10.16.3;D:\tools\Appium_All\nodejs\;D:\tools\python36\Scripts\;D:\tools\python36\;C:\Users\Administrator\.windows-build-tools\python27;C:\Users\Administrator\.windows-build-tools\python27\Scripts;D:\tools\securityTools\fiddler;D:\gongjuList\vsCode\Microsoft VS Code\bin;D:\gongjuList\allure\allure-2.12.1\bin;D:\gongjuList\JetBrains\IntelliJ IDEA 2019.3.1\bin;D:\tools\Appium_All\worksoftware\nvm;D:\tools\Appium_All\worksoftware\nvm\nodejs;D:\tools\Appium_All\worksoftware\nodejs\npm-global;C:\Users\Administrator\AppData\Roaming\npm;.]
00:07:54.431 INFO  [ost-startStop-1] o.a.jasper.servlet.TldScanner - At least one JAR was scanned for TLDs yet contained no TLDs. Enable debug logging for this logger for a complete list of JARs that were scanned but no TLDs were found in them. Skipping unneeded JARs during scanning can improve startup time and JSP compilation time.
00:07:54.435 INFO  [ost-startStop-1] o.a.c.c.C.[.[.[/springboot] - Initializing Spring embedded WebApplicationContext
00:07:54.436 INFO  [ost-startStop-1] o.s.web.context.ContextLoader - Root WebApplicationContext: initialization completed in 1556 ms
00:07:54.489 INFO  [ost-startStop-1] o.s.b.w.s.ServletRegistrationBean - Servlet dispatcherServlet mapped to [/]
00:07:54.493 INFO  [ost-startStop-1] o.s.b.w.s.FilterRegistrationBean - Mapping filter: 'characterEncodingFilter' to: [/*]
00:07:54.494 INFO  [ost-startStop-1] o.s.b.w.s.FilterRegistrationBean - Mapping filter: 'hiddenHttpMethodFilter' to: [/*]
00:07:54.494 INFO  [ost-startStop-1] o.s.b.w.s.FilterRegistrationBean - Mapping filter: 'httpPutFormContentFilter' to: [/*]
00:07:54.494 INFO  [ost-startStop-1] o.s.b.w.s.FilterRegistrationBean - Mapping filter: 'requestContextFilter' to: [/*]
00:07:54.805 INFO  [           main] o.s.w.s.h.SimpleUrlHandlerMapping - Mapped URL path [/**/favicon.ico] onto handler of type [class org.springframework.web.servlet.resource.ResourceHttpRequestHandler]
00:07:54.962 INFO  [           main] o.s.w.s.m.m.a.RequestMappingHandlerAdapter - Looking for @ControllerAdvice: org.springframework.boot.web.servlet.context.AnnotationConfigServletWebServerApplicationContext@21de60b4: startup date [Fri Apr 10 00:07:52 CST 2020]; root of context hierarchy
00:07:55.008 INFO  [           main] o.s.w.s.m.m.a.RequestMappingHandlerMapping - Mapped "{[/hello/upload],methods=[GET]}" onto public java.lang.String com.testfan.HelloSpringboot.showUploadPage()
00:07:55.010 INFO  [           main] o.s.w.s.m.m.a.RequestMappingHandlerMapping - Mapped "{[/hello/doUpload],methods=[POST]}" onto public java.lang.String com.testfan.HelloSpringboot.doUploadFile(org.springframework.web.multipart.MultipartFile)
00:07:55.011 INFO  [           main] o.s.w.s.m.m.a.RequestMappingHandlerMapping - Mapped "{[/hello/testdb],methods=[GET]}" onto public java.util.List<com.testfan.model.CaseSystem> com.testfan.HelloSpringboot.testdb()
00:07:55.011 INFO  [           main] o.s.w.s.m.m.a.RequestMappingHandlerMapping - Mapped "{[/hello/mvc],methods=[GET]}" onto public java.lang.String com.testfan.HelloSpringboot.HelloWorld(org.springframework.ui.Model)
00:07:55.012 INFO  [           main] o.s.w.s.m.m.a.RequestMappingHandlerMapping - Mapped "{[/hello/testpage],methods=[GET]}" onto public java.lang.Object com.testfan.HelloSpringboot.testpage()
00:07:55.012 INFO  [           main] o.s.w.s.m.m.a.RequestMappingHandlerMapping - Mapped "{[/hello/map]}" onto public java.util.Map<java.lang.String, java.lang.Object> com.testfan.HelloSpringboot.getALL()
00:07:55.015 INFO  [           main] o.s.w.s.m.m.a.RequestMappingHandlerMapping - Mapped "{[/error]}" onto public org.springframework.http.ResponseEntity<java.util.Map<java.lang.String, java.lang.Object>> org.springframework.boot.autoconfigure.web.servlet.error.BasicErrorController.error(javax.servlet.http.HttpServletRequest)
00:07:55.015 INFO  [           main] o.s.w.s.m.m.a.RequestMappingHandlerMapping - Mapped "{[/error],produces=[text/html]}" onto public org.springframework.web.servlet.ModelAndView org.springframework.boot.autoconfigure.web.servlet.error.BasicErrorController.errorHtml(javax.servlet.http.HttpServletRequest,javax.servlet.http.HttpServletResponse)
00:07:55.040 INFO  [           main] o.s.w.s.h.SimpleUrlHandlerMapping - Mapped URL path [/webjars/**] onto handler of type [class org.springframework.web.servlet.resource.ResourceHttpRequestHandler]
00:07:55.040 INFO  [           main] o.s.w.s.h.SimpleUrlHandlerMapping - Mapped URL path [/**] onto handler of type [class org.springframework.web.servlet.resource.ResourceHttpRequestHandler]
00:07:55.420 INFO  [           main] o.s.j.e.a.AnnotationMBeanExporter - Registering beans for JMX exposure on startup
00:07:55.421 INFO  [           main] o.s.j.e.a.AnnotationMBeanExporter - Bean with name 'dataSource' has been autodetected for JMX exposure
00:07:55.426 INFO  [           main] o.s.j.e.a.AnnotationMBeanExporter - Located MBean 'dataSource': registering with JMX server as MBean [com.zaxxer.hikari:name=dataSource,type=HikariDataSource]
00:07:55.438 INFO  [           main] o.a.c.http11.Http11NioProtocol - Starting ProtocolHandler ["http-nio-8090"]
00:07:55.447 INFO  [           main] o.a.t.util.net.NioSelectorPool - Using a shared selector for servlet write/read
00:07:55.465 INFO  [           main] o.s.b.w.e.t.TomcatWebServer - Tomcat started on port(s): 8090 (http) with context path '/springboot'
00:07:55.469 INFO  [           main] c.t.SpringbootTestApplication - Started SpringbootTestApplication in 2.927 seconds (JVM running for 4.848)
00:08:08.813 INFO  [nio-8090-exec-1] o.a.c.c.C.[.[.[/springboot] - Initializing Spring FrameworkServlet 'dispatcherServlet'
00:08:08.814 INFO  [nio-8090-exec-1] o.s.w.s.DispatcherServlet - FrameworkServlet 'dispatcherServlet': initialization started
00:08:08.846 INFO  [nio-8090-exec-1] o.s.w.s.DispatcherServlet - FrameworkServlet 'dispatcherServlet': initialization completed in 32 ms
00:08:15.862 ERROR [nio-8090-exec-2] o.a.c.c.C.[.[.[.[dispatcherServlet] - Servlet.service() for servlet [dispatcherServlet] in context with path [/springboot] threw exception [Request processing failed; nested exception is org.apache.ibatis.binding.BindingException: Invalid bound statement (not found): com.testfan.dao.CaseSystemMapper.selectByExample] with root cause
org.apache.ibatis.binding.BindingException: Invalid bound statement (not found): com.testfan.dao.CaseSystemMapper.selectByExample
	at org.apache.ibatis.binding.MapperMethod$SqlCommand.<init>(MapperMethod.java:227)
	at org.apache.ibatis.binding.MapperMethod.<init>(MapperMethod.java:49)
	at org.apache.ibatis.binding.MapperProxy.cachedMapperMethod(MapperProxy.java:65)
	at org.apache.ibatis.binding.MapperProxy.invoke(MapperProxy.java:58)
	at com.sun.proxy.$Proxy63.selectByExample(Unknown Source)
	at com.testfan.HelloSpringboot.testdb(HelloSpringboot.java:106)
	at sun.reflect.NativeMethodAccessorImpl.invoke0(Native Method)
	at sun.reflect.NativeMethodAccessorImpl.invoke(NativeMethodAccessorImpl.java:62)
	at sun.reflect.DelegatingMethodAccessorImpl.invoke(DelegatingMethodAccessorImpl.java:43)
	at java.lang.reflect.Method.invoke(Method.java:498)
	at org.springframework.web.method.support.InvocableHandlerMethod.doInvoke(InvocableHandlerMethod.java:209)
	at org.springframework.web.method.support.InvocableHandlerMethod.invokeForRequest(InvocableHandlerMethod.java:136)
	at org.springframework.web.servlet.mvc.method.annotation.ServletInvocableHandlerMethod.invokeAndHandle(ServletInvocableHandlerMethod.java:102)
	at org.springframework.web.servlet.mvc.method.annotation.RequestMappingHandlerAdapter.invokeHandlerMethod(RequestMappingHandlerAdapter.java:877)
	at org.springframework.web.servlet.mvc.method.annotation.RequestMappingHandlerAdapter.handleInternal(RequestMappingHandlerAdapter.java:783)
	at org.springframework.web.servlet.mvc.method.AbstractHandlerMethodAdapter.handle(AbstractHandlerMethodAdapter.java:87)
	at org.springframework.web.servlet.DispatcherServlet.doDispatch(DispatcherServlet.java:991)
	at org.springframework.web.servlet.DispatcherServlet.doService(DispatcherServlet.java:925)
	at org.springframework.web.servlet.FrameworkServlet.processRequest(FrameworkServlet.java:974)
	at org.springframework.web.servlet.FrameworkServlet.doGet(FrameworkServlet.java:866)
	at javax.servlet.http.HttpServlet.service(HttpServlet.java:635)
	at org.springframework.web.servlet.FrameworkServlet.service(FrameworkServlet.java:851)
	at javax.servlet.http.HttpServlet.service(HttpServlet.java:742)
	at org.apache.catalina.core.ApplicationFilterChain.internalDoFilter(ApplicationFilterChain.java:231)
	at org.apache.catalina.core.ApplicationFilterChain.doFilter(ApplicationFilterChain.java:166)
	at org.apache.tomcat.websocket.server.WsFilter.doFilter(WsFilter.java:52)
	at org.apache.catalina.core.ApplicationFilterChain.internalDoFilter(ApplicationFilterChain.java:193)
	at org.apache.catalina.core.ApplicationFilterChain.doFilter(ApplicationFilterChain.java:166)
	at org.springframework.web.filter.RequestContextFilter.doFilterInternal(RequestContextFilter.java:99)
	at org.springframework.web.filter.OncePerRequestFilter.doFilter(OncePerRequestFilter.java:107)
	at org.apache.catalina.core.ApplicationFilterChain.internalDoFilter(ApplicationFilterChain.java:193)
	at org.apache.catalina.core.ApplicationFilterChain.doFilter(ApplicationFilterChain.java:166)
	at org.springframework.web.filter.HttpPutFormContentFilter.doFilterInternal(HttpPutFormContentFilter.java:109)
	at org.springframework.web.filter.OncePerRequestFilter.doFilter(OncePerRequestFilter.java:107)
	at org.apache.catalina.core.ApplicationFilterChain.internalDoFilter(ApplicationFilterChain.java:193)
	at org.apache.catalina.core.ApplicationFilterChain.doFilter(ApplicationFilterChain.java:166)
	at org.springframework.web.filter.HiddenHttpMethodFilter.doFilterInternal(HiddenHttpMethodFilter.java:93)
	at org.springframework.web.filter.OncePerRequestFilter.doFilter(OncePerRequestFilter.java:107)
	at org.apache.catalina.core.ApplicationFilterChain.internalDoFilter(ApplicationFilterChain.java:193)
	at org.apache.catalina.core.ApplicationFilterChain.doFilter(ApplicationFilterChain.java:166)
	at org.springframework.web.filter.CharacterEncodingFilter.doFilterInternal(CharacterEncodingFilter.java:200)
	at org.springframework.web.filter.OncePerRequestFilter.doFilter(OncePerRequestFilter.java:107)
	at org.apache.catalina.core.ApplicationFilterChain.internalDoFilter(ApplicationFilterChain.java:193)
	at org.apache.catalina.core.ApplicationFilterChain.doFilter(ApplicationFilterChain.java:166)
	at org.apache.catalina.core.StandardWrapperValve.invoke(StandardWrapperValve.java:198)
	at org.apache.catalina.core.StandardContextValve.invoke(StandardContextValve.java:96)
	at org.apache.catalina.authenticator.AuthenticatorBase.invoke(AuthenticatorBase.java:493)
	at org.apache.catalina.core.StandardHostValve.invoke(StandardHostValve.java:140)
	at org.apache.catalina.valves.ErrorReportValve.invoke(ErrorReportValve.java:81)
	at org.apache.catalina.core.StandardEngineValve.invoke(StandardEngineValve.java:87)
	at org.apache.catalina.connector.CoyoteAdapter.service(CoyoteAdapter.java:342)
	at org.apache.coyote.http11.Http11Processor.service(Http11Processor.java:800)
	at org.apache.coyote.AbstractProcessorLight.process(AbstractProcessorLight.java:66)
	at org.apache.coyote.AbstractProtocol$ConnectionHandler.process(AbstractProtocol.java:800)
	at org.apache.tomcat.util.net.NioEndpoint$SocketProcessor.doRun(NioEndpoint.java:1471)
	at org.apache.tomcat.util.net.SocketProcessorBase.run(SocketProcessorBase.java:49)
	at java.util.concurrent.ThreadPoolExecutor.runWorker(ThreadPoolExecutor.java:1149)
	at java.util.concurrent.ThreadPoolExecutor$Worker.run(ThreadPoolExecutor.java:624)
	at org.apache.tomcat.util.threads.TaskThread$WrappingRunnable.run(TaskThread.java:61)
	at java.lang.Thread.run(Thread.java:748)
00:09:05.523 INFO  [           main] c.t.SpringbootTestApplication - Starting SpringbootTestApplication on WIN-1GF9INK28GB with PID 224 (D:\ideaSpace2\springbootTest\target\classes started by Administrator in D:\ideaSpace2\springbootTest)
00:09:05.529 INFO  [           main] c.t.SpringbootTestApplication - No active profile set, falling back to default profiles: default
00:09:05.608 INFO  [           main] o.s.b.w.s.c.AnnotationConfigServletWebServerApplicationContext - Refreshing org.springframework.boot.web.servlet.context.AnnotationConfigServletWebServerApplicationContext@2c767a52: startup date [Fri Apr 10 00:09:05 CST 2020]; root of context hierarchy
00:09:07.798 INFO  [           main] o.s.b.w.e.t.TomcatWebServer - Tomcat initialized with port(s): 8090 (http)
00:09:07.812 INFO  [           main] o.a.c.http11.Http11NioProtocol - Initializing ProtocolHandler ["http-nio-8090"]
00:09:07.828 INFO  [           main] o.a.c.core.StandardService - Starting service [Tomcat]
00:09:07.829 INFO  [           main] o.a.c.core.StandardEngine - Starting Servlet Engine: Apache Tomcat/8.5.32
00:09:07.837 INFO  [ost-startStop-1] o.a.c.c.AprLifecycleListener - The APR based Apache Tomcat Native library which allows optimal performance in production environments was not found on the java.library.path: [C:\Program Files\Java\jdk1.8.0_221\bin;C:\Windows\Sun\Java\bin;C:\Windows\system32;C:\Windows;C:\Program Files (x86)\Common Files\NetSarang;C:\Program Files (x86)\Common Files\Oracle\Java\javapath;C:\Windows\system32;C:\Windows;C:\Windows\System32\Wbem;C:\Windows\System32\WindowsPowerShell\v1.0\;C:\Windows\System32\OpenSSH\;C:\Program Files\Java\jdk1.8.0_221\bin;D:\tools\apache-maven-3.3.9\bin;D:\tools\Android_SDK\build-tools\29.0.2;D:\tools\Android_SDK\platform-tools;D:\tools\Android_SDK\emulator;D:\tools\Android_SDK\tools;C:\Program Files\Java\jdk1.8.0_221\jre\bin;D:\gongjuList\gitClient\Git\cmd;F:\apache-ant-1.10.3\bin;C:\ProgramData\chocolatey\bin;D:\tools\Android_SDK\tools\bin;C:\Program Files (x86)\GnuWin32\bin;;D:\tools\Appium_All\worksoftware\nvm\v8.11.3;D:\tools\Appium_All\worksoftware\nvm\v10.16.3;D:\tools\Appium_All\nodejs\;D:\tools\python36\Scripts\;D:\tools\python36\;C:\Users\Administrator\.windows-build-tools\python27;C:\Users\Administrator\.windows-build-tools\python27\Scripts;D:\tools\securityTools\fiddler;D:\gongjuList\vsCode\Microsoft VS Code\bin;D:\gongjuList\allure\allure-2.12.1\bin;D:\gongjuList\JetBrains\IntelliJ IDEA 2019.3.1\bin;D:\tools\Appium_All\worksoftware\nvm;D:\tools\Appium_All\worksoftware\nvm\nodejs;D:\tools\Appium_All\worksoftware\nodejs\npm-global;C:\Users\Administrator\AppData\Roaming\npm;.]
00:09:08.305 INFO  [ost-startStop-1] o.a.jasper.servlet.TldScanner - At least one JAR was scanned for TLDs yet contained no TLDs. Enable debug logging for this logger for a complete list of JARs that were scanned but no TLDs were found in them. Skipping unneeded JARs during scanning can improve startup time and JSP compilation time.
00:09:08.316 INFO  [ost-startStop-1] o.a.c.c.C.[.[.[/springboot] - Initializing Spring embedded WebApplicationContext
00:09:08.317 INFO  [ost-startStop-1] o.s.web.context.ContextLoader - Root WebApplicationContext: initialization completed in 2709 ms
00:09:08.433 INFO  [ost-startStop-1] o.s.b.w.s.ServletRegistrationBean - Servlet dispatcherServlet mapped to [/]
00:09:08.440 INFO  [ost-startStop-1] o.s.b.w.s.FilterRegistrationBean - Mapping filter: 'characterEncodingFilter' to: [/*]
00:09:08.440 INFO  [ost-startStop-1] o.s.b.w.s.FilterRegistrationBean - Mapping filter: 'hiddenHttpMethodFilter' to: [/*]
00:09:08.441 INFO  [ost-startStop-1] o.s.b.w.s.FilterRegistrationBean - Mapping filter: 'httpPutFormContentFilter' to: [/*]
00:09:08.441 INFO  [ost-startStop-1] o.s.b.w.s.FilterRegistrationBean - Mapping filter: 'requestContextFilter' to: [/*]
00:09:09.125 INFO  [           main] o.s.w.s.h.SimpleUrlHandlerMapping - Mapped URL path [/**/favicon.ico] onto handler of type [class org.springframework.web.servlet.resource.ResourceHttpRequestHandler]
00:09:09.819 INFO  [           main] o.s.w.s.m.m.a.RequestMappingHandlerAdapter - Looking for @ControllerAdvice: org.springframework.boot.web.servlet.context.AnnotationConfigServletWebServerApplicationContext@2c767a52: startup date [Fri Apr 10 00:09:05 CST 2020]; root of context hierarchy
00:09:10.046 INFO  [           main] o.s.w.s.m.m.a.RequestMappingHandlerMapping - Mapped "{[/hello/map]}" onto public java.util.Map<java.lang.String, java.lang.Object> com.testfan.HelloSpringboot.getALL()
00:09:10.048 INFO  [           main] o.s.w.s.m.m.a.RequestMappingHandlerMapping - Mapped "{[/hello/upload],methods=[GET]}" onto public java.lang.String com.testfan.HelloSpringboot.showUploadPage()
00:09:10.049 INFO  [           main] o.s.w.s.m.m.a.RequestMappingHandlerMapping - Mapped "{[/hello/testpage],methods=[GET]}" onto public java.lang.Object com.testfan.HelloSpringboot.testpage()
00:09:10.050 INFO  [           main] o.s.w.s.m.m.a.RequestMappingHandlerMapping - Mapped "{[/hello/testdb],methods=[GET]}" onto public java.util.List<com.testfan.model.CaseSystem> com.testfan.HelloSpringboot.testdb()
00:09:10.054 INFO  [           main] o.s.w.s.m.m.a.RequestMappingHandlerMapping - Mapped "{[/hello/mvc],methods=[GET]}" onto public java.lang.String com.testfan.HelloSpringboot.HelloWorld(org.springframework.ui.Model)
00:09:10.055 INFO  [           main] o.s.w.s.m.m.a.RequestMappingHandlerMapping - Mapped "{[/hello/doUpload],methods=[POST]}" onto public java.lang.String com.testfan.HelloSpringboot.doUploadFile(org.springframework.web.multipart.MultipartFile)
00:09:10.072 INFO  [           main] o.s.w.s.m.m.a.RequestMappingHandlerMapping - Mapped "{[/error]}" onto public org.springframework.http.ResponseEntity<java.util.Map<java.lang.String, java.lang.Object>> org.springframework.boot.autoconfigure.web.servlet.error.BasicErrorController.error(javax.servlet.http.HttpServletRequest)
00:09:10.075 INFO  [           main] o.s.w.s.m.m.a.RequestMappingHandlerMapping - Mapped "{[/error],produces=[text/html]}" onto public org.springframework.web.servlet.ModelAndView org.springframework.boot.autoconfigure.web.servlet.error.BasicErrorController.errorHtml(javax.servlet.http.HttpServletRequest,javax.servlet.http.HttpServletResponse)
00:09:10.134 INFO  [           main] o.s.w.s.h.SimpleUrlHandlerMapping - Mapped URL path [/webjars/**] onto handler of type [class org.springframework.web.servlet.resource.ResourceHttpRequestHandler]
00:09:10.134 INFO  [           main] o.s.w.s.h.SimpleUrlHandlerMapping - Mapped URL path [/**] onto handler of type [class org.springframework.web.servlet.resource.ResourceHttpRequestHandler]
00:09:10.822 INFO  [           main] o.s.j.e.a.AnnotationMBeanExporter - Registering beans for JMX exposure on startup
00:09:10.824 INFO  [           main] o.s.j.e.a.AnnotationMBeanExporter - Bean with name 'dataSource' has been autodetected for JMX exposure
00:09:10.904 INFO  [           main] o.s.j.e.a.AnnotationMBeanExporter - Located MBean 'dataSource': registering with JMX server as MBean [com.zaxxer.hikari:name=dataSource,type=HikariDataSource]
00:09:10.929 INFO  [           main] o.a.c.http11.Http11NioProtocol - Starting ProtocolHandler ["http-nio-8090"]
00:09:10.948 INFO  [           main] o.a.t.util.net.NioSelectorPool - Using a shared selector for servlet write/read
00:09:10.987 INFO  [           main] o.s.b.w.e.t.TomcatWebServer - Tomcat started on port(s): 8090 (http) with context path '/springboot'
00:09:10.994 INFO  [           main] c.t.SpringbootTestApplication - Started SpringbootTestApplication in 6.17 seconds (JVM running for 9.829)
00:09:27.500 INFO  [nio-8090-exec-1] o.a.c.c.C.[.[.[/springboot] - Initializing Spring FrameworkServlet 'dispatcherServlet'
00:09:27.501 INFO  [nio-8090-exec-1] o.s.w.s.DispatcherServlet - FrameworkServlet 'dispatcherServlet': initialization started
00:09:27.533 INFO  [nio-8090-exec-1] o.s.w.s.DispatcherServlet - FrameworkServlet 'dispatcherServlet': initialization completed in 32 ms
00:09:27.587 ERROR [nio-8090-exec-1] o.a.c.c.C.[.[.[.[dispatcherServlet] - Servlet.service() for servlet [dispatcherServlet] in context with path [/springboot] threw exception [Request processing failed; nested exception is org.apache.ibatis.binding.BindingException: Invalid bound statement (not found): com.testfan.dao.CaseSystemMapper.selectByExample] with root cause
org.apache.ibatis.binding.BindingException: Invalid bound statement (not found): com.testfan.dao.CaseSystemMapper.selectByExample
	at org.apache.ibatis.binding.MapperMethod$SqlCommand.<init>(MapperMethod.java:227)
	at org.apache.ibatis.binding.MapperMethod.<init>(MapperMethod.java:49)
	at org.apache.ibatis.binding.MapperProxy.cachedMapperMethod(MapperProxy.java:65)
	at org.apache.ibatis.binding.MapperProxy.invoke(MapperProxy.java:58)
	at com.sun.proxy.$Proxy63.selectByExample(Unknown Source)
	at com.testfan.HelloSpringboot.testdb(HelloSpringboot.java:106)
	at sun.reflect.NativeMethodAccessorImpl.invoke0(Native Method)
	at sun.reflect.NativeMethodAccessorImpl.invoke(NativeMethodAccessorImpl.java:62)
	at sun.reflect.DelegatingMethodAccessorImpl.invoke(DelegatingMethodAccessorImpl.java:43)
	at java.lang.reflect.Method.invoke(Method.java:498)
	at org.springframework.web.method.support.InvocableHandlerMethod.doInvoke(InvocableHandlerMethod.java:209)
	at org.springframework.web.method.support.InvocableHandlerMethod.invokeForRequest(InvocableHandlerMethod.java:136)
	at org.springframework.web.servlet.mvc.method.annotation.ServletInvocableHandlerMethod.invokeAndHandle(ServletInvocableHandlerMethod.java:102)
	at org.springframework.web.servlet.mvc.method.annotation.RequestMappingHandlerAdapter.invokeHandlerMethod(RequestMappingHandlerAdapter.java:877)
	at org.springframework.web.servlet.mvc.method.annotation.RequestMappingHandlerAdapter.handleInternal(RequestMappingHandlerAdapter.java:783)
	at org.springframework.web.servlet.mvc.method.AbstractHandlerMethodAdapter.handle(AbstractHandlerMethodAdapter.java:87)
	at org.springframework.web.servlet.DispatcherServlet.doDispatch(DispatcherServlet.java:991)
	at org.springframework.web.servlet.DispatcherServlet.doService(DispatcherServlet.java:925)
	at org.springframework.web.servlet.FrameworkServlet.processRequest(FrameworkServlet.java:974)
	at org.springframework.web.servlet.FrameworkServlet.doGet(FrameworkServlet.java:866)
	at javax.servlet.http.HttpServlet.service(HttpServlet.java:635)
	at org.springframework.web.servlet.FrameworkServlet.service(FrameworkServlet.java:851)
	at javax.servlet.http.HttpServlet.service(HttpServlet.java:742)
	at org.apache.catalina.core.ApplicationFilterChain.internalDoFilter(ApplicationFilterChain.java:231)
	at org.apache.catalina.core.ApplicationFilterChain.doFilter(ApplicationFilterChain.java:166)
	at org.apache.tomcat.websocket.server.WsFilter.doFilter(WsFilter.java:52)
	at org.apache.catalina.core.ApplicationFilterChain.internalDoFilter(ApplicationFilterChain.java:193)
	at org.apache.catalina.core.ApplicationFilterChain.doFilter(ApplicationFilterChain.java:166)
	at org.springframework.web.filter.RequestContextFilter.doFilterInternal(RequestContextFilter.java:99)
	at org.springframework.web.filter.OncePerRequestFilter.doFilter(OncePerRequestFilter.java:107)
	at org.apache.catalina.core.ApplicationFilterChain.internalDoFilter(ApplicationFilterChain.java:193)
	at org.apache.catalina.core.ApplicationFilterChain.doFilter(ApplicationFilterChain.java:166)
	at org.springframework.web.filter.HttpPutFormContentFilter.doFilterInternal(HttpPutFormContentFilter.java:109)
	at org.springframework.web.filter.OncePerRequestFilter.doFilter(OncePerRequestFilter.java:107)
	at org.apache.catalina.core.ApplicationFilterChain.internalDoFilter(ApplicationFilterChain.java:193)
	at org.apache.catalina.core.ApplicationFilterChain.doFilter(ApplicationFilterChain.java:166)
	at org.springframework.web.filter.HiddenHttpMethodFilter.doFilterInternal(HiddenHttpMethodFilter.java:93)
	at org.springframework.web.filter.OncePerRequestFilter.doFilter(OncePerRequestFilter.java:107)
	at org.apache.catalina.core.ApplicationFilterChain.internalDoFilter(ApplicationFilterChain.java:193)
	at org.apache.catalina.core.ApplicationFilterChain.doFilter(ApplicationFilterChain.java:166)
	at org.springframework.web.filter.CharacterEncodingFilter.doFilterInternal(CharacterEncodingFilter.java:200)
	at org.springframework.web.filter.OncePerRequestFilter.doFilter(OncePerRequestFilter.java:107)
	at org.apache.catalina.core.ApplicationFilterChain.internalDoFilter(ApplicationFilterChain.java:193)
	at org.apache.catalina.core.ApplicationFilterChain.doFilter(ApplicationFilterChain.java:166)
	at org.apache.catalina.core.StandardWrapperValve.invoke(StandardWrapperValve.java:198)
	at org.apache.catalina.core.StandardContextValve.invoke(StandardContextValve.java:96)
	at org.apache.catalina.authenticator.AuthenticatorBase.invoke(AuthenticatorBase.java:493)
	at org.apache.catalina.core.StandardHostValve.invoke(StandardHostValve.java:140)
	at org.apache.catalina.valves.ErrorReportValve.invoke(ErrorReportValve.java:81)
	at org.apache.catalina.core.StandardEngineValve.invoke(StandardEngineValve.java:87)
	at org.apache.catalina.connector.CoyoteAdapter.service(CoyoteAdapter.java:342)
	at org.apache.coyote.http11.Http11Processor.service(Http11Processor.java:800)
	at org.apache.coyote.AbstractProcessorLight.process(AbstractProcessorLight.java:66)
	at org.apache.coyote.AbstractProtocol$ConnectionHandler.process(AbstractProtocol.java:800)
	at org.apache.tomcat.util.net.NioEndpoint$SocketProcessor.doRun(NioEndpoint.java:1471)
	at org.apache.tomcat.util.net.SocketProcessorBase.run(SocketProcessorBase.java:49)
	at java.util.concurrent.ThreadPoolExecutor.runWorker(ThreadPoolExecutor.java:1149)
	at java.util.concurrent.ThreadPoolExecutor$Worker.run(ThreadPoolExecutor.java:624)
	at org.apache.tomcat.util.threads.TaskThread$WrappingRunnable.run(TaskThread.java:61)
	at java.lang.Thread.run(Thread.java:748)
00:11:46.256 INFO  [           main] c.t.SpringbootTestApplication - Starting SpringbootTestApplication on WIN-1GF9INK28GB with PID 6624 (D:\ideaSpace2\springbootTest\target\classes started by Administrator in D:\ideaSpace2\springbootTest)
00:11:46.260 INFO  [           main] c.t.SpringbootTestApplication - No active profile set, falling back to default profiles: default
00:11:46.361 INFO  [           main] o.s.b.w.s.c.AnnotationConfigServletWebServerApplicationContext - Refreshing org.springframework.boot.web.servlet.context.AnnotationConfigServletWebServerApplicationContext@4f209819: startup date [Fri Apr 10 00:11:46 CST 2020]; root of context hierarchy
00:11:48.063 INFO  [           main] o.s.b.w.e.t.TomcatWebServer - Tomcat initialized with port(s): 8090 (http)
00:11:48.075 INFO  [           main] o.a.c.http11.Http11NioProtocol - Initializing ProtocolHandler ["http-nio-8090"]
00:11:48.085 INFO  [           main] o.a.c.core.StandardService - Starting service [Tomcat]
00:11:48.085 INFO  [           main] o.a.c.core.StandardEngine - Starting Servlet Engine: Apache Tomcat/8.5.32
00:11:48.090 INFO  [ost-startStop-1] o.a.c.c.AprLifecycleListener - The APR based Apache Tomcat Native library which allows optimal performance in production environments was not found on the java.library.path: [C:\Program Files\Java\jdk1.8.0_221\bin;C:\Windows\Sun\Java\bin;C:\Windows\system32;C:\Windows;C:\Program Files (x86)\Common Files\NetSarang;C:\Program Files (x86)\Common Files\Oracle\Java\javapath;C:\Windows\system32;C:\Windows;C:\Windows\System32\Wbem;C:\Windows\System32\WindowsPowerShell\v1.0\;C:\Windows\System32\OpenSSH\;C:\Program Files\Java\jdk1.8.0_221\bin;D:\tools\apache-maven-3.3.9\bin;D:\tools\Android_SDK\build-tools\29.0.2;D:\tools\Android_SDK\platform-tools;D:\tools\Android_SDK\emulator;D:\tools\Android_SDK\tools;C:\Program Files\Java\jdk1.8.0_221\jre\bin;D:\gongjuList\gitClient\Git\cmd;F:\apache-ant-1.10.3\bin;C:\ProgramData\chocolatey\bin;D:\tools\Android_SDK\tools\bin;C:\Program Files (x86)\GnuWin32\bin;;D:\tools\Appium_All\worksoftware\nvm\v8.11.3;D:\tools\Appium_All\worksoftware\nvm\v10.16.3;D:\tools\Appium_All\nodejs\;D:\tools\python36\Scripts\;D:\tools\python36\;C:\Users\Administrator\.windows-build-tools\python27;C:\Users\Administrator\.windows-build-tools\python27\Scripts;D:\tools\securityTools\fiddler;D:\gongjuList\vsCode\Microsoft VS Code\bin;D:\gongjuList\allure\allure-2.12.1\bin;D:\gongjuList\JetBrains\IntelliJ IDEA 2019.3.1\bin;D:\tools\Appium_All\worksoftware\nvm;D:\tools\Appium_All\worksoftware\nvm\nodejs;D:\tools\Appium_All\worksoftware\nodejs\npm-global;C:\Users\Administrator\AppData\Roaming\npm;.]
00:11:48.341 INFO  [ost-startStop-1] o.a.jasper.servlet.TldScanner - At least one JAR was scanned for TLDs yet contained no TLDs. Enable debug logging for this logger for a complete list of JARs that were scanned but no TLDs were found in them. Skipping unneeded JARs during scanning can improve startup time and JSP compilation time.
00:11:48.345 INFO  [ost-startStop-1] o.a.c.c.C.[.[.[/springboot] - Initializing Spring embedded WebApplicationContext
00:11:48.346 INFO  [ost-startStop-1] o.s.web.context.ContextLoader - Root WebApplicationContext: initialization completed in 1985 ms
00:11:48.407 INFO  [ost-startStop-1] o.s.b.w.s.ServletRegistrationBean - Servlet dispatcherServlet mapped to [/]
00:11:48.411 INFO  [ost-startStop-1] o.s.b.w.s.FilterRegistrationBean - Mapping filter: 'characterEncodingFilter' to: [/*]
00:11:48.412 INFO  [ost-startStop-1] o.s.b.w.s.FilterRegistrationBean - Mapping filter: 'hiddenHttpMethodFilter' to: [/*]
00:11:48.412 INFO  [ost-startStop-1] o.s.b.w.s.FilterRegistrationBean - Mapping filter: 'httpPutFormContentFilter' to: [/*]
00:11:48.412 INFO  [ost-startStop-1] o.s.b.w.s.FilterRegistrationBean - Mapping filter: 'requestContextFilter' to: [/*]
00:11:48.837 INFO  [           main] o.s.w.s.h.SimpleUrlHandlerMapping - Mapped URL path [/**/favicon.ico] onto handler of type [class org.springframework.web.servlet.resource.ResourceHttpRequestHandler]
00:11:49.157 INFO  [           main] o.s.w.s.m.m.a.RequestMappingHandlerAdapter - Looking for @ControllerAdvice: org.springframework.boot.web.servlet.context.AnnotationConfigServletWebServerApplicationContext@4f209819: startup date [Fri Apr 10 00:11:46 CST 2020]; root of context hierarchy
00:11:49.246 INFO  [           main] o.s.w.s.m.m.a.RequestMappingHandlerMapping - Mapped "{[/hello/doUpload],methods=[POST]}" onto public java.lang.String com.testfan.HelloSpringboot.doUploadFile(org.springframework.web.multipart.MultipartFile)
00:11:49.249 INFO  [           main] o.s.w.s.m.m.a.RequestMappingHandlerMapping - Mapped "{[/hello/testdb],methods=[GET]}" onto public java.util.List<com.testfan.model.CaseSystem> com.testfan.HelloSpringboot.testdb()
00:11:49.249 INFO  [           main] o.s.w.s.m.m.a.RequestMappingHandlerMapping - Mapped "{[/hello/testpage],methods=[GET]}" onto public java.lang.Object com.testfan.HelloSpringboot.testpage()
00:11:49.250 INFO  [           main] o.s.w.s.m.m.a.RequestMappingHandlerMapping - Mapped "{[/hello/map]}" onto public java.util.Map<java.lang.String, java.lang.Object> com.testfan.HelloSpringboot.getALL()
00:11:49.251 INFO  [           main] o.s.w.s.m.m.a.RequestMappingHandlerMapping - Mapped "{[/hello/mvc],methods=[GET]}" onto public java.lang.String com.testfan.HelloSpringboot.HelloWorld(org.springframework.ui.Model)
00:11:49.251 INFO  [           main] o.s.w.s.m.m.a.RequestMappingHandlerMapping - Mapped "{[/hello/upload],methods=[GET]}" onto public java.lang.String com.testfan.HelloSpringboot.showUploadPage()
00:11:49.258 INFO  [           main] o.s.w.s.m.m.a.RequestMappingHandlerMapping - Mapped "{[/error]}" onto public org.springframework.http.ResponseEntity<java.util.Map<java.lang.String, java.lang.Object>> org.springframework.boot.autoconfigure.web.servlet.error.BasicErrorController.error(javax.servlet.http.HttpServletRequest)
00:11:49.259 INFO  [           main] o.s.w.s.m.m.a.RequestMappingHandlerMapping - Mapped "{[/error],produces=[text/html]}" onto public org.springframework.web.servlet.ModelAndView org.springframework.boot.autoconfigure.web.servlet.error.BasicErrorController.errorHtml(javax.servlet.http.HttpServletRequest,javax.servlet.http.HttpServletResponse)
00:11:49.308 INFO  [           main] o.s.w.s.h.SimpleUrlHandlerMapping - Mapped URL path [/webjars/**] onto handler of type [class org.springframework.web.servlet.resource.ResourceHttpRequestHandler]
00:11:49.308 INFO  [           main] o.s.w.s.h.SimpleUrlHandlerMapping - Mapped URL path [/**] onto handler of type [class org.springframework.web.servlet.resource.ResourceHttpRequestHandler]
00:11:49.855 INFO  [           main] o.s.j.e.a.AnnotationMBeanExporter - Registering beans for JMX exposure on startup
00:11:49.857 INFO  [           main] o.s.j.e.a.AnnotationMBeanExporter - Bean with name 'dataSource' has been autodetected for JMX exposure
00:11:49.867 INFO  [           main] o.s.j.e.a.AnnotationMBeanExporter - Located MBean 'dataSource': registering with JMX server as MBean [com.zaxxer.hikari:name=dataSource,type=HikariDataSource]
00:11:49.890 INFO  [           main] o.a.c.http11.Http11NioProtocol - Starting ProtocolHandler ["http-nio-8090"]
00:11:49.908 INFO  [           main] o.a.t.util.net.NioSelectorPool - Using a shared selector for servlet write/read
00:11:49.947 INFO  [           main] o.s.b.w.e.t.TomcatWebServer - Tomcat started on port(s): 8090 (http) with context path '/springboot'
00:11:49.954 INFO  [           main] c.t.SpringbootTestApplication - Started SpringbootTestApplication in 4.061 seconds (JVM running for 7.14)
00:12:07.300 INFO  [nio-8090-exec-1] o.a.c.c.C.[.[.[/springboot] - Initializing Spring FrameworkServlet 'dispatcherServlet'
00:12:07.300 INFO  [nio-8090-exec-1] o.s.w.s.DispatcherServlet - FrameworkServlet 'dispatcherServlet': initialization started
00:12:07.336 INFO  [nio-8090-exec-1] o.s.w.s.DispatcherServlet - FrameworkServlet 'dispatcherServlet': initialization completed in 36 ms
00:18:40.421 INFO  [           main] c.t.SpringbootTestApplication - Starting SpringbootTestApplication on WIN-1GF9INK28GB with PID 8664 (D:\ideaSpace2\springbootTest\target\classes started by Administrator in D:\ideaSpace2\springbootTest)
00:18:40.425 INFO  [           main] c.t.SpringbootTestApplication - No active profile set, falling back to default profiles: default
00:18:40.497 INFO  [           main] o.s.b.w.s.c.AnnotationConfigServletWebServerApplicationContext - Refreshing org.springframework.boot.web.servlet.context.AnnotationConfigServletWebServerApplicationContext@654f0d9c: startup date [Fri Apr 10 00:18:40 CST 2020]; root of context hierarchy
00:18:42.062 INFO  [           main] o.s.b.w.e.t.TomcatWebServer - Tomcat initialized with port(s): 8090 (http)
00:18:42.076 INFO  [           main] o.a.c.http11.Http11NioProtocol - Initializing ProtocolHandler ["http-nio-8090"]
00:18:42.086 INFO  [           main] o.a.c.core.StandardService - Starting service [Tomcat]
00:18:42.086 INFO  [           main] o.a.c.core.StandardEngine - Starting Servlet Engine: Apache Tomcat/8.5.32
00:18:42.091 INFO  [ost-startStop-1] o.a.c.c.AprLifecycleListener - The APR based Apache Tomcat Native library which allows optimal performance in production environments was not found on the java.library.path: [C:\Program Files\Java\jdk1.8.0_221\bin;C:\Windows\Sun\Java\bin;C:\Windows\system32;C:\Windows;C:\Program Files (x86)\Common Files\NetSarang;C:\Program Files (x86)\Common Files\Oracle\Java\javapath;C:\Windows\system32;C:\Windows;C:\Windows\System32\Wbem;C:\Windows\System32\WindowsPowerShell\v1.0\;C:\Windows\System32\OpenSSH\;C:\Program Files\Java\jdk1.8.0_221\bin;D:\tools\apache-maven-3.3.9\bin;D:\tools\Android_SDK\build-tools\29.0.2;D:\tools\Android_SDK\platform-tools;D:\tools\Android_SDK\emulator;D:\tools\Android_SDK\tools;C:\Program Files\Java\jdk1.8.0_221\jre\bin;D:\gongjuList\gitClient\Git\cmd;F:\apache-ant-1.10.3\bin;C:\ProgramData\chocolatey\bin;D:\tools\Android_SDK\tools\bin;C:\Program Files (x86)\GnuWin32\bin;;D:\tools\Appium_All\worksoftware\nvm\v8.11.3;D:\tools\Appium_All\worksoftware\nvm\v10.16.3;D:\tools\Appium_All\nodejs\;D:\tools\python36\Scripts\;D:\tools\python36\;C:\Users\Administrator\.windows-build-tools\python27;C:\Users\Administrator\.windows-build-tools\python27\Scripts;D:\tools\securityTools\fiddler;D:\gongjuList\vsCode\Microsoft VS Code\bin;D:\gongjuList\allure\allure-2.12.1\bin;D:\gongjuList\JetBrains\IntelliJ IDEA 2019.3.1\bin;D:\tools\Appium_All\worksoftware\nvm;D:\tools\Appium_All\worksoftware\nvm\nodejs;D:\tools\Appium_All\worksoftware\nodejs\npm-global;C:\Users\Administrator\AppData\Roaming\npm;.]
00:18:42.335 INFO  [ost-startStop-1] o.a.jasper.servlet.TldScanner - At least one JAR was scanned for TLDs yet contained no TLDs. Enable debug logging for this logger for a complete list of JARs that were scanned but no TLDs were found in them. Skipping unneeded JARs during scanning can improve startup time and JSP compilation time.
00:18:42.340 INFO  [ost-startStop-1] o.a.c.c.C.[.[.[/springboot] - Initializing Spring embedded WebApplicationContext
00:18:42.340 INFO  [ost-startStop-1] o.s.web.context.ContextLoader - Root WebApplicationContext: initialization completed in 1843 ms
00:18:42.401 INFO  [ost-startStop-1] o.s.b.w.s.ServletRegistrationBean - Servlet dispatcherServlet mapped to [/]
00:18:42.406 INFO  [ost-startStop-1] o.s.b.w.s.FilterRegistrationBean - Mapping filter: 'characterEncodingFilter' to: [/*]
00:18:42.406 INFO  [ost-startStop-1] o.s.b.w.s.FilterRegistrationBean - Mapping filter: 'hiddenHttpMethodFilter' to: [/*]
00:18:42.406 INFO  [ost-startStop-1] o.s.b.w.s.FilterRegistrationBean - Mapping filter: 'httpPutFormContentFilter' to: [/*]
00:18:42.406 INFO  [ost-startStop-1] o.s.b.w.s.FilterRegistrationBean - Mapping filter: 'requestContextFilter' to: [/*]
00:18:43.002 INFO  [           main] o.s.w.s.h.SimpleUrlHandlerMapping - Mapped URL path [/**/favicon.ico] onto handler of type [class org.springframework.web.servlet.resource.ResourceHttpRequestHandler]
00:18:43.329 INFO  [           main] o.s.w.s.m.m.a.RequestMappingHandlerAdapter - Looking for @ControllerAdvice: org.springframework.boot.web.servlet.context.AnnotationConfigServletWebServerApplicationContext@654f0d9c: startup date [Fri Apr 10 00:18:40 CST 2020]; root of context hierarchy
00:18:43.421 INFO  [           main] o.s.w.s.m.m.a.RequestMappingHandlerMapping - Mapped "{[/hello/map]}" onto public java.util.Map<java.lang.String, java.lang.Object> com.testfan.HelloSpringboot.getALL()
00:18:43.422 INFO  [           main] o.s.w.s.m.m.a.RequestMappingHandlerMapping - Mapped "{[/hello/testpage],methods=[GET]}" onto public java.lang.Object com.testfan.HelloSpringboot.testpage()
00:18:43.425 INFO  [           main] o.s.w.s.m.m.a.RequestMappingHandlerMapping - Mapped "{[/hello/mvc],methods=[GET]}" onto public java.lang.String com.testfan.HelloSpringboot.HelloWorld(org.springframework.ui.Model)
00:18:43.425 INFO  [           main] o.s.w.s.m.m.a.RequestMappingHandlerMapping - Mapped "{[/hello/doUpload],methods=[POST]}" onto public java.lang.String com.testfan.HelloSpringboot.doUploadFile(org.springframework.web.multipart.MultipartFile)
00:18:43.426 INFO  [           main] o.s.w.s.m.m.a.RequestMappingHandlerMapping - Mapped "{[/hello/upload],methods=[GET]}" onto public java.lang.String com.testfan.HelloSpringboot.showUploadPage()
00:18:43.426 INFO  [           main] o.s.w.s.m.m.a.RequestMappingHandlerMapping - Mapped "{[/hello/testdb],methods=[GET]}" onto public java.util.List<com.testfan.model.CaseSystem> com.testfan.HelloSpringboot.testdb()
00:18:43.432 INFO  [           main] o.s.w.s.m.m.a.RequestMappingHandlerMapping - Mapped "{[/error]}" onto public org.springframework.http.ResponseEntity<java.util.Map<java.lang.String, java.lang.Object>> org.springframework.boot.autoconfigure.web.servlet.error.BasicErrorController.error(javax.servlet.http.HttpServletRequest)
00:18:43.433 INFO  [           main] o.s.w.s.m.m.a.RequestMappingHandlerMapping - Mapped "{[/error],produces=[text/html]}" onto public org.springframework.web.servlet.ModelAndView org.springframework.boot.autoconfigure.web.servlet.error.BasicErrorController.errorHtml(javax.servlet.http.HttpServletRequest,javax.servlet.http.HttpServletResponse)
00:18:43.480 INFO  [           main] o.s.w.s.h.SimpleUrlHandlerMapping - Mapped URL path [/webjars/**] onto handler of type [class org.springframework.web.servlet.resource.ResourceHttpRequestHandler]
00:18:43.480 INFO  [           main] o.s.w.s.h.SimpleUrlHandlerMapping - Mapped URL path [/**] onto handler of type [class org.springframework.web.servlet.resource.ResourceHttpRequestHandler]
00:18:44.092 INFO  [           main] o.s.j.e.a.AnnotationMBeanExporter - Registering beans for JMX exposure on startup
00:18:44.095 INFO  [           main] o.s.j.e.a.AnnotationMBeanExporter - Bean with name 'dataSource' has been autodetected for JMX exposure
00:18:44.106 INFO  [           main] o.s.j.e.a.AnnotationMBeanExporter - Located MBean 'dataSource': registering with JMX server as MBean [com.zaxxer.hikari:name=dataSource,type=HikariDataSource]
00:18:44.130 INFO  [           main] o.a.c.http11.Http11NioProtocol - Starting ProtocolHandler ["http-nio-8090"]
00:18:44.149 INFO  [           main] o.a.t.util.net.NioSelectorPool - Using a shared selector for servlet write/read
00:18:44.186 INFO  [           main] o.s.b.w.e.t.TomcatWebServer - Tomcat started on port(s): 8090 (http) with context path '/springboot'
00:18:44.192 INFO  [           main] c.t.SpringbootTestApplication - Started SpringbootTestApplication in 4.155 seconds (JVM running for 6.791)
00:18:51.387 INFO  [nio-8090-exec-1] o.a.c.c.C.[.[.[/springboot] - Initializing Spring FrameworkServlet 'dispatcherServlet'
00:18:51.387 INFO  [nio-8090-exec-1] o.s.w.s.DispatcherServlet - FrameworkServlet 'dispatcherServlet': initialization started
00:18:51.418 INFO  [nio-8090-exec-1] o.s.w.s.DispatcherServlet - FrameworkServlet 'dispatcherServlet': initialization completed in 31 ms
00:19:06.058 ERROR [nio-8090-exec-3] o.a.c.c.C.[.[.[.[dispatcherServlet] - Servlet.service() for servlet [dispatcherServlet] in context with path [/springboot] threw exception [Request processing failed; nested exception is org.apache.ibatis.binding.BindingException: Invalid bound statement (not found): com.testfan.dao.CaseSystemMapper.selectByExample] with root cause
org.apache.ibatis.binding.BindingException: Invalid bound statement (not found): com.testfan.dao.CaseSystemMapper.selectByExample
	at org.apache.ibatis.binding.MapperMethod$SqlCommand.<init>(MapperMethod.java:227)
	at org.apache.ibatis.binding.MapperMethod.<init>(MapperMethod.java:49)
	at org.apache.ibatis.binding.MapperProxy.cachedMapperMethod(MapperProxy.java:65)
	at org.apache.ibatis.binding.MapperProxy.invoke(MapperProxy.java:58)
	at com.sun.proxy.$Proxy63.selectByExample(Unknown Source)
	at com.testfan.HelloSpringboot.testdb(HelloSpringboot.java:106)
	at sun.reflect.NativeMethodAccessorImpl.invoke0(Native Method)
	at sun.reflect.NativeMethodAccessorImpl.invoke(NativeMethodAccessorImpl.java:62)
	at sun.reflect.DelegatingMethodAccessorImpl.invoke(DelegatingMethodAccessorImpl.java:43)
	at java.lang.reflect.Method.invoke(Method.java:498)
	at org.springframework.web.method.support.InvocableHandlerMethod.doInvoke(InvocableHandlerMethod.java:209)
	at org.springframework.web.method.support.InvocableHandlerMethod.invokeForRequest(InvocableHandlerMethod.java:136)
	at org.springframework.web.servlet.mvc.method.annotation.ServletInvocableHandlerMethod.invokeAndHandle(ServletInvocableHandlerMethod.java:102)
	at org.springframework.web.servlet.mvc.method.annotation.RequestMappingHandlerAdapter.invokeHandlerMethod(RequestMappingHandlerAdapter.java:877)
	at org.springframework.web.servlet.mvc.method.annotation.RequestMappingHandlerAdapter.handleInternal(RequestMappingHandlerAdapter.java:783)
	at org.springframework.web.servlet.mvc.method.AbstractHandlerMethodAdapter.handle(AbstractHandlerMethodAdapter.java:87)
	at org.springframework.web.servlet.DispatcherServlet.doDispatch(DispatcherServlet.java:991)
	at org.springframework.web.servlet.DispatcherServlet.doService(DispatcherServlet.java:925)
	at org.springframework.web.servlet.FrameworkServlet.processRequest(FrameworkServlet.java:974)
	at org.springframework.web.servlet.FrameworkServlet.doGet(FrameworkServlet.java:866)
	at javax.servlet.http.HttpServlet.service(HttpServlet.java:635)
	at org.springframework.web.servlet.FrameworkServlet.service(FrameworkServlet.java:851)
	at javax.servlet.http.HttpServlet.service(HttpServlet.java:742)
	at org.apache.catalina.core.ApplicationFilterChain.internalDoFilter(ApplicationFilterChain.java:231)
	at org.apache.catalina.core.ApplicationFilterChain.doFilter(ApplicationFilterChain.java:166)
	at org.apache.tomcat.websocket.server.WsFilter.doFilter(WsFilter.java:52)
	at org.apache.catalina.core.ApplicationFilterChain.internalDoFilter(ApplicationFilterChain.java:193)
	at org.apache.catalina.core.ApplicationFilterChain.doFilter(ApplicationFilterChain.java:166)
	at org.springframework.web.filter.RequestContextFilter.doFilterInternal(RequestContextFilter.java:99)
	at org.springframework.web.filter.OncePerRequestFilter.doFilter(OncePerRequestFilter.java:107)
	at org.apache.catalina.core.ApplicationFilterChain.internalDoFilter(ApplicationFilterChain.java:193)
	at org.apache.catalina.core.ApplicationFilterChain.doFilter(ApplicationFilterChain.java:166)
	at org.springframework.web.filter.HttpPutFormContentFilter.doFilterInternal(HttpPutFormContentFilter.java:109)
	at org.springframework.web.filter.OncePerRequestFilter.doFilter(OncePerRequestFilter.java:107)
	at org.apache.catalina.core.ApplicationFilterChain.internalDoFilter(ApplicationFilterChain.java:193)
	at org.apache.catalina.core.ApplicationFilterChain.doFilter(ApplicationFilterChain.java:166)
	at org.springframework.web.filter.HiddenHttpMethodFilter.doFilterInternal(HiddenHttpMethodFilter.java:93)
	at org.springframework.web.filter.OncePerRequestFilter.doFilter(OncePerRequestFilter.java:107)
	at org.apache.catalina.core.ApplicationFilterChain.internalDoFilter(ApplicationFilterChain.java:193)
	at org.apache.catalina.core.ApplicationFilterChain.doFilter(ApplicationFilterChain.java:166)
	at org.springframework.web.filter.CharacterEncodingFilter.doFilterInternal(CharacterEncodingFilter.java:200)
	at org.springframework.web.filter.OncePerRequestFilter.doFilter(OncePerRequestFilter.java:107)
	at org.apache.catalina.core.ApplicationFilterChain.internalDoFilter(ApplicationFilterChain.java:193)
	at org.apache.catalina.core.ApplicationFilterChain.doFilter(ApplicationFilterChain.java:166)
	at org.apache.catalina.core.StandardWrapperValve.invoke(StandardWrapperValve.java:198)
	at org.apache.catalina.core.StandardContextValve.invoke(StandardContextValve.java:96)
	at org.apache.catalina.authenticator.AuthenticatorBase.invoke(AuthenticatorBase.java:493)
	at org.apache.catalina.core.StandardHostValve.invoke(StandardHostValve.java:140)
	at org.apache.catalina.valves.ErrorReportValve.invoke(ErrorReportValve.java:81)
	at org.apache.catalina.core.StandardEngineValve.invoke(StandardEngineValve.java:87)
	at org.apache.catalina.connector.CoyoteAdapter.service(CoyoteAdapter.java:342)
	at org.apache.coyote.http11.Http11Processor.service(Http11Processor.java:800)
	at org.apache.coyote.AbstractProcessorLight.process(AbstractProcessorLight.java:66)
	at org.apache.coyote.AbstractProtocol$ConnectionHandler.process(AbstractProtocol.java:800)
	at org.apache.tomcat.util.net.NioEndpoint$SocketProcessor.doRun(NioEndpoint.java:1471)
	at org.apache.tomcat.util.net.SocketProcessorBase.run(SocketProcessorBase.java:49)
	at java.util.concurrent.ThreadPoolExecutor.runWorker(ThreadPoolExecutor.java:1149)
	at java.util.concurrent.ThreadPoolExecutor$Worker.run(ThreadPoolExecutor.java:624)
	at org.apache.tomcat.util.threads.TaskThread$WrappingRunnable.run(TaskThread.java:61)
	at java.lang.Thread.run(Thread.java:748)
