23:58:04.111 INFO  [           main] c.t.SpringbootTestApplication - Starting SpringbootTestApplication on WIN-1GF9INK28GB with PID 9108 (D:\ideaSpace2\springbootTest\target\classes started by Administrator in D:\ideaSpace2\springbootTest)
23:58:04.154 INFO  [           main] c.t.SpringbootTestApplication - No active profile set, falling back to default profiles: default
23:58:04.230 INFO  [           main] o.s.b.w.s.c.AnnotationConfigServletWebServerApplicationContext - Refreshing org.springframework.boot.web.servlet.context.AnnotationConfigServletWebServerApplicationContext@64cd705f: startup date [Thu Apr 09 23:58:04 CST 2020]; root of context hierarchy
23:58:05.656 INFO  [           main] o.s.b.w.e.t.TomcatWebServer - Tomcat initialized with port(s): 8090 (http)
23:58:05.668 INFO  [           main] o.a.c.http11.Http11NioProtocol - Initializing ProtocolHandler ["http-nio-8090"]
23:58:05.677 INFO  [           main] o.a.c.core.StandardService - Starting service [Tomcat]
23:58:05.677 INFO  [           main] o.a.c.core.StandardEngine - Starting Servlet Engine: Apache Tomcat/8.5.32
23:58:05.681 INFO  [ost-startStop-1] o.a.c.c.AprLifecycleListener - The APR based Apache Tomcat Native library which allows optimal performance in production environments was not found on the java.library.path: [C:\Program Files\Java\jdk1.8.0_221\bin;C:\Windows\Sun\Java\bin;C:\Windows\system32;C:\Windows;C:\Program Files (x86)\Common Files\NetSarang;C:\Program Files (x86)\Common Files\Oracle\Java\javapath;C:\Windows\system32;C:\Windows;C:\Windows\System32\Wbem;C:\Windows\System32\WindowsPowerShell\v1.0\;C:\Windows\System32\OpenSSH\;C:\Program Files\Java\jdk1.8.0_221\bin;D:\tools\apache-maven-3.3.9\bin;D:\tools\Android_SDK\build-tools\29.0.2;D:\tools\Android_SDK\platform-tools;D:\tools\Android_SDK\emulator;D:\tools\Android_SDK\tools;C:\Program Files\Java\jdk1.8.0_221\jre\bin;D:\gongjuList\gitClient\Git\cmd;F:\apache-ant-1.10.3\bin;C:\ProgramData\chocolatey\bin;D:\tools\Android_SDK\tools\bin;C:\Program Files (x86)\GnuWin32\bin;;D:\tools\Appium_All\worksoftware\nvm\v8.11.3;D:\tools\Appium_All\worksoftware\nvm\v10.16.3;D:\tools\Appium_All\nodejs\;D:\tools\python36\Scripts\;D:\tools\python36\;C:\Users\Administrator\.windows-build-tools\python27;C:\Users\Administrator\.windows-build-tools\python27\Scripts;D:\tools\securityTools\fiddler;D:\gongjuList\vsCode\Microsoft VS Code\bin;D:\gongjuList\allure\allure-2.12.1\bin;D:\gongjuList\JetBrains\IntelliJ IDEA 2019.3.1\bin;D:\tools\Appium_All\worksoftware\nvm;D:\tools\Appium_All\worksoftware\nvm\nodejs;D:\tools\Appium_All\worksoftware\nodejs\npm-global;C:\Users\Administrator\AppData\Roaming\npm;.]
23:58:05.921 INFO  [ost-startStop-1] o.a.jasper.servlet.TldScanner - At least one JAR was scanned for TLDs yet contained no TLDs. Enable debug logging for this logger for a complete list of JARs that were scanned but no TLDs were found in them. Skipping unneeded JARs during scanning can improve startup time and JSP compilation time.
23:58:05.928 INFO  [ost-startStop-1] o.a.c.c.C.[.[.[/springboot] - Initializing Spring embedded WebApplicationContext
23:58:05.929 INFO  [ost-startStop-1] o.s.web.context.ContextLoader - Root WebApplicationContext: initialization completed in 1699 ms
23:58:05.993 INFO  [ost-startStop-1] o.s.b.w.s.ServletRegistrationBean - Servlet dispatcherServlet mapped to [/]
23:58:05.997 INFO  [ost-startStop-1] o.s.b.w.s.FilterRegistrationBean - Mapping filter: 'characterEncodingFilter' to: [/*]
23:58:05.998 INFO  [ost-startStop-1] o.s.b.w.s.FilterRegistrationBean - Mapping filter: 'hiddenHttpMethodFilter' to: [/*]
23:58:05.998 INFO  [ost-startStop-1] o.s.b.w.s.FilterRegistrationBean - Mapping filter: 'httpPutFormContentFilter' to: [/*]
23:58:05.998 INFO  [ost-startStop-1] o.s.b.w.s.FilterRegistrationBean - Mapping filter: 'requestContextFilter' to: [/*]
23:58:06.307 INFO  [           main] o.s.w.s.h.SimpleUrlHandlerMapping - Mapped URL path [/**/favicon.ico] onto handler of type [class org.springframework.web.servlet.resource.ResourceHttpRequestHandler]
23:58:06.540 INFO  [           main] o.s.w.s.m.m.a.RequestMappingHandlerAdapter - Looking for @ControllerAdvice: org.springframework.boot.web.servlet.context.AnnotationConfigServletWebServerApplicationContext@64cd705f: startup date [Thu Apr 09 23:58:04 CST 2020]; root of context hierarchy
23:58:06.656 INFO  [           main] o.s.w.s.m.m.a.RequestMappingHandlerMapping - Mapped "{[/hello/testdb],methods=[GET]}" onto public com.testfan.model.CaseSystem com.testfan.HelloSpringboot.testdb()
23:58:06.660 INFO  [           main] o.s.w.s.m.m.a.RequestMappingHandlerMapping - Mapped "{[/hello/map]}" onto public java.util.Map<java.lang.String, java.lang.Object> com.testfan.HelloSpringboot.getALL()
23:58:06.664 INFO  [           main] o.s.w.s.m.m.a.RequestMappingHandlerMapping - Mapped "{[/hello/mvc],methods=[GET]}" onto public java.lang.String com.testfan.HelloSpringboot.HelloWorld(org.springframework.ui.Model)
23:58:06.664 INFO  [           main] o.s.w.s.m.m.a.RequestMappingHandlerMapping - Mapped "{[/hello/testpage],methods=[GET]}" onto public java.lang.Object com.testfan.HelloSpringboot.testpage()
23:58:06.666 INFO  [           main] o.s.w.s.m.m.a.RequestMappingHandlerMapping - Mapped "{[/hello/upload],methods=[GET]}" onto public java.lang.String com.testfan.HelloSpringboot.showUploadPage()
23:58:06.667 INFO  [           main] o.s.w.s.m.m.a.RequestMappingHandlerMapping - Mapped "{[/hello/doUpload],methods=[POST]}" onto public java.lang.String com.testfan.HelloSpringboot.doUploadFile(org.springframework.web.multipart.MultipartFile)
23:58:06.677 INFO  [           main] o.s.w.s.m.m.a.RequestMappingHandlerMapping - Mapped "{[/error]}" onto public org.springframework.http.ResponseEntity<java.util.Map<java.lang.String, java.lang.Object>> org.springframework.boot.autoconfigure.web.servlet.error.BasicErrorController.error(javax.servlet.http.HttpServletRequest)
23:58:06.679 INFO  [           main] o.s.w.s.m.m.a.RequestMappingHandlerMapping - Mapped "{[/error],produces=[text/html]}" onto public org.springframework.web.servlet.ModelAndView org.springframework.boot.autoconfigure.web.servlet.error.BasicErrorController.errorHtml(javax.servlet.http.HttpServletRequest,javax.servlet.http.HttpServletResponse)
23:58:06.780 INFO  [           main] o.s.w.s.h.SimpleUrlHandlerMapping - Mapped URL path [/webjars/**] onto handler of type [class org.springframework.web.servlet.resource.ResourceHttpRequestHandler]
23:58:06.780 INFO  [           main] o.s.w.s.h.SimpleUrlHandlerMapping - Mapped URL path [/**] onto handler of type [class org.springframework.web.servlet.resource.ResourceHttpRequestHandler]
23:58:07.398 INFO  [           main] o.s.j.e.a.AnnotationMBeanExporter - Registering beans for JMX exposure on startup
23:58:07.401 INFO  [           main] o.s.j.e.a.AnnotationMBeanExporter - Bean with name 'dataSource' has been autodetected for JMX exposure
23:58:07.412 INFO  [           main] o.s.j.e.a.AnnotationMBeanExporter - Located MBean 'dataSource': registering with JMX server as MBean [com.zaxxer.hikari:name=dataSource,type=HikariDataSource]
23:58:07.438 INFO  [           main] o.a.c.http11.Http11NioProtocol - Starting ProtocolHandler ["http-nio-8090"]
23:58:07.457 INFO  [           main] o.a.t.util.net.NioSelectorPool - Using a shared selector for servlet write/read
23:58:07.497 INFO  [           main] o.s.b.w.e.t.TomcatWebServer - Tomcat started on port(s): 8090 (http) with context path '/springboot'
23:58:07.505 INFO  [           main] c.t.SpringbootTestApplication - Started SpringbootTestApplication in 3.747 seconds (JVM running for 6.186)
23:58:15.626 INFO  [nio-8090-exec-1] o.a.c.c.C.[.[.[/springboot] - Initializing Spring FrameworkServlet 'dispatcherServlet'
23:58:15.626 INFO  [nio-8090-exec-1] o.s.w.s.DispatcherServlet - FrameworkServlet 'dispatcherServlet': initialization started
23:58:15.657 INFO  [nio-8090-exec-1] o.s.w.s.DispatcherServlet - FrameworkServlet 'dispatcherServlet': initialization completed in 31 ms
23:58:37.608 ERROR [nio-8090-exec-5] o.a.c.c.C.[.[.[.[dispatcherServlet] - Servlet.service() for servlet [dispatcherServlet] in context with path [/springboot] threw exception [Request processing failed; nested exception is org.apache.ibatis.binding.BindingException: Invalid bound statement (not found): com.testfan.dao.CaseSystemMapper.selectByPrimaryKey] with root cause
org.apache.ibatis.binding.BindingException: Invalid bound statement (not found): com.testfan.dao.CaseSystemMapper.selectByPrimaryKey
	at org.apache.ibatis.binding.MapperMethod$SqlCommand.<init>(MapperMethod.java:227)
	at org.apache.ibatis.binding.MapperMethod.<init>(MapperMethod.java:49)
	at org.apache.ibatis.binding.MapperProxy.cachedMapperMethod(MapperProxy.java:65)
	at org.apache.ibatis.binding.MapperProxy.invoke(MapperProxy.java:58)
	at com.sun.proxy.$Proxy63.selectByPrimaryKey(Unknown Source)
	at com.testfan.HelloSpringboot.testdb(HelloSpringboot.java:107)
	at sun.reflect.NativeMethodAccessorImpl.invoke0(Native Method)
	at sun.reflect.NativeMethodAccessorImpl.invoke(NativeMethodAccessorImpl.java:62)
	at sun.reflect.DelegatingMethodAccessorImpl.invoke(DelegatingMethodAccessorImpl.java:43)
	at java.lang.reflect.Method.invoke(Method.java:498)
	at org.springframework.web.method.support.InvocableHandlerMethod.doInvoke(InvocableHandlerMethod.java:209)
	at org.springframework.web.method.support.InvocableHandlerMethod.invokeForRequest(InvocableHandlerMethod.java:136)
	at org.springframework.web.servlet.mvc.method.annotation.ServletInvocableHandlerMethod.invokeAndHandle(ServletInvocableHandlerMethod.java:102)
	at org.springframework.web.servlet.mvc.method.annotation.RequestMappingHandlerAdapter.invokeHandlerMethod(RequestMappingHandlerAdapter.java:877)
	at org.springframework.web.servlet.mvc.method.annotation.RequestMappingHandlerAdapter.handleInternal(RequestMappingHandlerAdapter.java:783)
	at org.springframework.web.servlet.mvc.method.AbstractHandlerMethodAdapter.handle(AbstractHandlerMethodAdapter.java:87)
	at org.springframework.web.servlet.DispatcherServlet.doDispatch(DispatcherServlet.java:991)
	at org.springframework.web.servlet.DispatcherServlet.doService(DispatcherServlet.java:925)
	at org.springframework.web.servlet.FrameworkServlet.processRequest(FrameworkServlet.java:974)
	at org.springframework.web.servlet.FrameworkServlet.doGet(FrameworkServlet.java:866)
	at javax.servlet.http.HttpServlet.service(HttpServlet.java:635)
	at org.springframework.web.servlet.FrameworkServlet.service(FrameworkServlet.java:851)
	at javax.servlet.http.HttpServlet.service(HttpServlet.java:742)
	at org.apache.catalina.core.ApplicationFilterChain.internalDoFilter(ApplicationFilterChain.java:231)
	at org.apache.catalina.core.ApplicationFilterChain.doFilter(ApplicationFilterChain.java:166)
	at org.apache.tomcat.websocket.server.WsFilter.doFilter(WsFilter.java:52)
	at org.apache.catalina.core.ApplicationFilterChain.internalDoFilter(ApplicationFilterChain.java:193)
	at org.apache.catalina.core.ApplicationFilterChain.doFilter(ApplicationFilterChain.java:166)
	at org.springframework.web.filter.RequestContextFilter.doFilterInternal(RequestContextFilter.java:99)
	at org.springframework.web.filter.OncePerRequestFilter.doFilter(OncePerRequestFilter.java:107)
	at org.apache.catalina.core.ApplicationFilterChain.internalDoFilter(ApplicationFilterChain.java:193)
	at org.apache.catalina.core.ApplicationFilterChain.doFilter(ApplicationFilterChain.java:166)
	at org.springframework.web.filter.HttpPutFormContentFilter.doFilterInternal(HttpPutFormContentFilter.java:109)
	at org.springframework.web.filter.OncePerRequestFilter.doFilter(OncePerRequestFilter.java:107)
	at org.apache.catalina.core.ApplicationFilterChain.internalDoFilter(ApplicationFilterChain.java:193)
	at org.apache.catalina.core.ApplicationFilterChain.doFilter(ApplicationFilterChain.java:166)
	at org.springframework.web.filter.HiddenHttpMethodFilter.doFilterInternal(HiddenHttpMethodFilter.java:93)
	at org.springframework.web.filter.OncePerRequestFilter.doFilter(OncePerRequestFilter.java:107)
	at org.apache.catalina.core.ApplicationFilterChain.internalDoFilter(ApplicationFilterChain.java:193)
	at org.apache.catalina.core.ApplicationFilterChain.doFilter(ApplicationFilterChain.java:166)
	at org.springframework.web.filter.CharacterEncodingFilter.doFilterInternal(CharacterEncodingFilter.java:200)
	at org.springframework.web.filter.OncePerRequestFilter.doFilter(OncePerRequestFilter.java:107)
	at org.apache.catalina.core.ApplicationFilterChain.internalDoFilter(ApplicationFilterChain.java:193)
	at org.apache.catalina.core.ApplicationFilterChain.doFilter(ApplicationFilterChain.java:166)
	at org.apache.catalina.core.StandardWrapperValve.invoke(StandardWrapperValve.java:198)
	at org.apache.catalina.core.StandardContextValve.invoke(StandardContextValve.java:96)
	at org.apache.catalina.authenticator.AuthenticatorBase.invoke(AuthenticatorBase.java:493)
	at org.apache.catalina.core.StandardHostValve.invoke(StandardHostValve.java:140)
	at org.apache.catalina.valves.ErrorReportValve.invoke(ErrorReportValve.java:81)
	at org.apache.catalina.core.StandardEngineValve.invoke(StandardEngineValve.java:87)
	at org.apache.catalina.connector.CoyoteAdapter.service(CoyoteAdapter.java:342)
	at org.apache.coyote.http11.Http11Processor.service(Http11Processor.java:800)
	at org.apache.coyote.AbstractProcessorLight.process(AbstractProcessorLight.java:66)
	at org.apache.coyote.AbstractProtocol$ConnectionHandler.process(AbstractProtocol.java:800)
	at org.apache.tomcat.util.net.NioEndpoint$SocketProcessor.doRun(NioEndpoint.java:1471)
	at org.apache.tomcat.util.net.SocketProcessorBase.run(SocketProcessorBase.java:49)
	at java.util.concurrent.ThreadPoolExecutor.runWorker(ThreadPoolExecutor.java:1149)
	at java.util.concurrent.ThreadPoolExecutor$Worker.run(ThreadPoolExecutor.java:624)
	at org.apache.tomcat.util.threads.TaskThread$WrappingRunnable.run(TaskThread.java:61)
	at java.lang.Thread.run(Thread.java:748)
